filename: c1_10_1
Vehicles: 250, Capacity: 200
Total customers : 1001
Cluster 0: 761 815 771 345 739 851 978 936 208 425 671 332 535 149 226 303 656 78 817 13 376 794 855 628 971 130 904 725 124 612 537 816 385 412 81 158 106 789 553 103 331 972 974 422 160 944 401 538 579 893 857 701 492 219 240 782 349 216 170 364 178 256 387 436 510 375 490 669 176 237 489 16 39 49 404 79 731 570 664 954 350 400 882 125 752 431 606 865 185 75 269 713 981 378 275 96 948 690 317 91 258 887 341 571 823 408 652 812 614 516 866 845 681 729 958 413 970 403 142 505 711 311 666 919 97 17 4 105 9 44 18 380 89 183 393 688 474 472 356 315 967 285 581 933 518 368 52 654 249 945 577 533 335 329 689 20 138 46 225 905 918 22 946 699 411 444 34 530 912 736 140 563 922 911 818 61 938 744 986 680 189 59 153 27 910 62 53 36 2 265 720 126 811 937 102 181 934 407 463 586 840 522 906 174 541 813 886 116 561 663 862 71 567 161 433 999 819 828 246 850 227 943 920 723 297 695 880 703 394 491 441 493 383 821 8 66 498 150 781 282 40 742 524 545 129 679 604 778 902 610 119 543 438 23 298 714 
Cluster 1: 109 77 473 371 424 417 519 728 218 186 65 395 90 745 600 786 502 820 406 870 869 968 662 222 274 674 927 352 871 509 196 465 643 390 977 143 844 956 593 291 131 57 661 562 148 953 159 418 560 374 74 513 95 834 481 557 313 381 616 876 271 750 795 642 215 264 310 114 338 630 80 234 236 33 895 416 532 284 209 500 878 641 991 709 805 672 894 83 372 347 536 763 367 448 257 966 121 452 113 360 569 320 603 172 564 247 635 559 389 773 777 322 627 301 47 415 678 461 316 698 705 462 122 308 191 712 898 915 979 511 732 872 903 830 459 822 382 675 278 842 50 784 544 460 190 708 852 127 428 351 907 682 235 475 488 596 429 749 800 211 359 888 923 442 926 667 984 896 615 715 48 497 244 808 935 484 653 355 765 804 975 434 964 517 824 445 454 201 624 634 846 277 328 988 200 92 426 344 799 683 879 594 501 286 82 98 764 503 399 156 648 767 949 214 197 589 198 64 632 929 366 192 12 38 262 618 63 633 212 859 324 421 369 261 814 697 838 305 30 884 985 32 136 774 520 758 25 1000 900 941 357 856 686 644 478 
Cluster 2: 327 243 5 410 477 348 398 386 145 909 639 319 467 333 631 792 76 259 229 901 730 42 499 110 874 803 659 165 668 983 88 128 405 548 691 353 321 272 875 706 760 716 693 203 388 762 601 93 232 470 182 108 173 137 931 151 163 998 340 26 665 139 184 955 14 379 700 525 754 791 645 889 724 135 294 195 769 177 607 54 531 100 306 483 334 414 504 718 326 722 930 550 802 430 343 756 766 696 241 780 230 292 205 169 529 746 514 37 146 288 171 204 437 727 270 677 921 479 832 35 740 989 432 835 384 932 825 582 300 917 827 719 853 447 965 858 370 154 994 868 608 361 839 540 660 787 3 323 164 806 242 402 419 179 957 450 710 565 622 587 456 831 961 318 290 646 58 670 207 193 263 877 753 609 982 942 885 843 94 551 707 507 891 111 539 892 144 913 175 373 133 692 801 726 987 466 963 279 194 84 31 867 41 276 468 779 908 595 847 916 296 377 995 546 759 449 299 602 11 309 890 253 721 651 167 952 619 542 293 446 928 73 396 15 733 741 469 521 365 996 120 336 585 508 254 283 453 152 860 392 757 101 221 112 29 157 997 87 992 796 694 162 836 623 69 583 829 435 951 776 629 566 21 250 107 826 734 330 248 523 228 117 420 657 768 863 590 495 702 224 255 899 312 598 289 199 572 487 85 737 556 423 950 649 273 881 717 554 51 798 233 650 591 10 704 99 155 647 848 141 873 458 655 637 755 976 599 239 220 924 55 883 576 770 687 307 314 617 611 676 738 807 940 231 515 1 534 166 70 496 638 
Cluster 3: 72 573 337 613 325 751 947 673 735 588 959 620 748 960 841 810 457 439 833 339 56 580 854 304 480 861 684 640 783 302 180 295 19 187 575 68 785 45 797 363 267 104 837 24 864 217 790 280 43 132 993 625 925 568 809 60 482 990 526 584 223 206 427 7 605 443 67 346 451 578 685 549 494 552 849 558 476 397 354 342 555 512 528 743 115 788 486 440 962 939 123 147 636 747 793 245 527 973 188 28 775 547 202 897 118 6 210 574 268 980 969 621 213 914 362 251 86 485 252 455 287 506 772 597 238 626 260 471 266 391 281 464 592 358 134 168 658 409 
Total Distance: 74004.7

Postprocess 1 route valid
Postprocess 2 route valid
Postprocess 3 route valid
Final Routes:
Route #1: 0 815 658 168 592 464 0 
Route #2: 0 981 125 954 958 505 142 516 0 
Route #3: 0 208 425 149 332 345 409 358 0 
Route #4: 0 535 303 226 671 978 851 134 391 0 
Route #5: 0 725 612 855 13 78 794 376 817 0 
Route #6: 0 130 904 971 628 0 
Route #7: 0 106 158 81 385 537 124 816 412 160 0 
Route #8: 0 789 553 103 331 972 974 422 944 401 579 538 0 
Route #9: 0 656 771 761 936 739 281 0 
Route #10: 0 364 492 219 170 240 216 349 178 237 176 0 
Route #11: 0 570 350 882 400 510 0 
Route #12: 0 79 664 49 489 490 16 669 731 375 701 436 387 0 
Route #13: 0 380 44 4 17 9 89 18 105 97 919 666 0 
Route #14: 0 571 681 948 91 96 378 341 431 606 0 
Route #15: 0 652 823 258 317 752 269 275 865 75 713 185 0 
Route #16: 0 711 403 970 729 413 866 887 408 690 812 614 845 0 
Route #17: 0 714 561 498 0 
Route #18: 0 285 356 472 393 967 474 688 315 518 946 0 
Route #19: 0 581 933 52 368 654 918 530 444 59 140 0 
Route #20: 0 577 533 329 249 945 20 46 689 138 905 225 0 
Route #21: 0 411 563 986 938 818 910 27 189 680 153 0 
Route #22: 0 922 736 34 912 61 744 911 811 0 
Route #23: 0 36 663 335 699 0 
Route #24: 0 937 181 407 102 934 720 126 265 2 53 62 0 
Route #25: 0 116 813 840 463 586 906 541 886 174 522 0 
Route #26: 0 66 545 778 129 8 491 821 150 383 695 297 0 
Route #27: 0 819 999 246 943 723 920 227 850 828 433 567 161 71 862 0 
Route #28: 0 394 441 282 298 119 610 23 524 0 
Route #29: 0 902 543 679 604 742 781 880 703 493 0 
Route #30: 0 218 371 643 143 844 956 661 0 
Route #31: 0 473 109 77 417 424 90 395 519 728 65 186 0 
Route #32: 0 977 390 352 600 870 786 274 869 0 
Route #33: 0 968 745 40 438 22 311 893 0 
Route #34: 0 406 820 502 222 927 509 465 196 674 871 662 0 
Route #35: 0 562 148 291 57 131 593 953 560 418 159 513 374 0 
Route #36: 0 616 313 481 74 876 795 114 338 895 416 284 878 234 0 
Route #37: 0 95 834 557 381 271 215 630 264 750 642 310 0 
Route #38: 0 301 777 564 320 360 763 80 236 805 0 
Route #39: 0 415 322 627 462 698 559 172 569 0 
Route #40: 0 536 257 121 966 635 247 113 452 448 367 347 83 500 0 
Route #41: 0 532 33 209 709 991 372 894 672 641 0 
Route #42: 0 122 705 316 678 461 47 773 389 603 0 
Route #43: 0 190 842 50 675 822 459 830 872 903 0 
Route #44: 0 764 879 501 683 344 426 799 594 503 399 98 82 156 0 
Route #45: 0 488 800 211 359 442 804 715 888 923 355 0 
Route #46: 0 544 278 511 308 191 712 898 979 915 732 0 
Route #47: 0 351 127 682 475 235 596 749 429 0 
Route #48: 0 984 896 244 497 48 935 484 653 975 434 765 0 
Route #49: 0 615 667 808 926 964 988 277 286 824 0 
Route #50: 0 328 92 200 846 634 624 201 445 517 454 0 
Route #51: 0 648 949 197 767 214 198 64 589 0 
Route #52: 0 38 633 262 63 618 632 366 192 12 929 0 
Route #53: 0 212 859 324 421 369 261 838 697 814 0 
Route #54: 0 941 32 520 357 686 243 327 348 0 
Route #55: 0 985 884 305 30 136 900 25 1000 0 
Route #56: 0 382 784 708 460 852 428 907 0 
Route #57: 0 856 758 774 478 410 5 477 398 0 
Route #58: 0 386 792 901 909 259 319 145 803 165 128 691 668 874 0 
Route #59: 0 76 631 467 333 639 229 730 88 659 110 42 0 
Route #60: 0 300 965 740 677 921 989 917 540 0 
Route #61: 0 388 760 272 321 353 644 0 
Route #62: 0 108 182 470 93 203 716 706 875 693 762 601 232 0 
Route #63: 0 931 173 151 137 998 163 26 665 340 0 
Route #64: 0 184 139 955 14 645 754 700 889 724 0 
Route #65: 0 54 483 531 607 177 195 769 135 379 525 791 0 
Route #66: 0 722 718 326 334 100 414 430 802 550 0 
Route #67: 0 582 479 437 719 204 37 292 696 205 746 514 0 
Route #68: 0 35 825 932 868 154 370 827 832 270 171 146 0 
Route #69: 0 384 853 432 727 288 835 858 361 839 608 994 447 0 
Route #70: 0 660 3 402 456 565 193 670 646 263 207 0 
Route #71: 0 780 529 983 499 405 548 0 
Route #72: 0 306 294 504 766 343 930 756 241 230 169 0 
Route #73: 0 164 323 242 419 179 622 450 0 
Route #74: 0 957 787 806 710 318 831 961 587 58 290 0 
Route #75: 0 982 707 111 551 94 843 942 885 609 877 753 0 
Route #76: 0 175 144 373 692 133 913 539 891 892 507 0 
Route #77: 0 194 84 867 779 908 595 468 847 916 0 
Route #78: 0 963 726 801 987 466 279 31 276 41 0 
Route #79: 0 299 449 602 546 759 377 296 995 453 283 0 
Route #80: 0 167 293 542 928 952 619 446 15 73 0 
Route #81: 0 585 365 120 521 996 0 
Route #82: 0 309 890 11 721 253 651 396 733 741 469 0 
Route #83: 0 336 508 254 152 112 157 29 757 101 392 860 221 0 
Route #84: 0 836 69 951 566 21 0 
Route #85: 0 997 87 694 796 495 420 737 873 576 0 
Route #86: 0 623 734 228 107 776 162 992 583 0 
Route #87: 0 435 250 629 829 523 117 768 657 863 330 248 826 0 
Route #88: 0 924 155 224 590 312 702 199 0 
Route #89: 0 487 255 899 289 572 950 423 85 554 233 881 650 0 
Route #90: 0 599 976 458 798 51 591 141 239 220 55 883 0 
Route #91: 0 655 637 848 647 0 
Route #92: 0 611 940 534 738 807 314 770 617 0 
Route #93: 0 231 1 70 496 166 515 307 687 676 0 
Route #94: 0 638 755 704 99 10 649 556 598 273 717 0 
Route #95: 0 854 783 640 861 339 457 748 325 673 735 0 
Route #96: 0 72 573 337 613 947 588 439 751 0 
Route #97: 0 960 810 620 959 841 580 304 480 684 833 56 0 
Route #98: 0 482 625 990 584 60 809 993 864 790 280 43 0 
Route #99: 0 785 267 104 132 925 526 223 67 685 0 
Route #100: 0 363 797 45 68 575 295 180 302 187 19 0 
Route #101: 0 605 837 24 217 568 0 
Route #102: 0 451 578 346 443 7 206 427 0 
Route #103: 0 849 476 788 528 494 354 555 342 558 549 552 0 
Route #104: 0 115 962 486 743 440 512 397 939 123 0 
Route #105: 0 28 775 973 188 527 245 793 636 147 747 0 
Route #106: 0 6 268 980 210 574 118 897 202 547 0 
Route #107: 0 914 362 621 969 213 251 455 252 86 485 0 
Route #108: 0 238 597 287 772 506 626 471 260 0 
Route #109: 0 183 404 39 782 256 857 266 0 
