filename: c1_10_2
Vehicles: 250, Capacity: 200
Total customers : 1001
Cluster 0: 109 77 473 371 424 417 519 728 218 186 65 395 90 745 600 786 502 820 406 870 869 968 662 222 274 674 927 352 871 509 196 465 643 390 977 143 844 956 593 291 131 57 661 562 148 953 159 418 560 374 74 513 95 834 481 557 313 381 616 876 271 750 795 642 215 264 310 114 338 630 80 234 236 33 895 416 532 284 209 500 878 641 991 709 805 672 894 83 372 347 536 763 367 448 257 966 121 452 113 360 569 320 603 172 564 247 635 559 389 773 777 322 627 301 47 415 678 461 316 698 705 462 122 308 191 712 898 915 979 511 732 872 903 830 459 822 382 675 278 842 50 784 544 460 190 708 852 127 428 351 907 682 235 475 488 596 429 749 800 211 359 888 923 442 926 667 984 896 615 715 48 497 244 808 935 484 653 355 765 804 975 434 964 517 824 445 454 201 624 634 846 277 328 988 200 92 426 344 799 683 879 594 501 286 82 98 764 503 399 156 648 767 949 214 197 589 198 64 632 929 366 192 12 38 262 618 63 633 212 859 324 421 369 261 814 697 838 305 30 884 985 32 136 774 520 758 25 1000 900 941 357 856 686 644 478 327 243 5 410 477 348 398 386 145 909 639 319 467 333 631 792 76 259 229 901 730 42 499 110 874 803 659 165 668 983 88 128 405 548 691 353 321 272 875 706 760 716 693 203 388 762 601 93 232 470 182 108 173 137 931 151 163 998 340 26 665 139 184 955 14 379 700 525 754 791 645 889 724 135 294 195 769 177 607 54 531 100 306 483 334 414 504 718 326 722 930 550 802 430 343 756 766 696 241 780 230 292 205 169 529 746 514 37 146 288 171 204 437 727 270 677 921 479 832 35 740 989 432 835 384 932 825 582 300 917 827 719 853 447 965 858 370 154 994 868 608 361 839 540 660 787 3 323 164 806 242 402 419 179 957 450 710 565 622 587 456 831 961 318 290 646 58 670 207 193 263 877 753 609 982 942 885 843 94 551 707 507 891 111 539 892 144 913 175 373 133 692 801 726 987 466 963 279 194 84 31 867 41 276 468 779 908 595 847 916 296 377 995 546 759 449 299 602 11 309 890 253 721 651 167 952 619 542 293 446 928 73 396 15 733 741 469 521 365 996 120 336 585 508 254 283 453 152 860 392 757 101 221 112 29 157 997 87 992 796 694 162 836 623 69 583 829 435 951 776 629 566 21 250 107 826 734 330 248 523 228 117 420 657 768 863 590 495 702 224 255 899 312 598 289 199 572 487 85 737 556 423 950 649 273 881 717 554 51 798 233 650 591 10 704 99 155 647 848 141 873 458 655 637 755 976 599 239 220 924 55 883 576 770 687 307 314 617 611 676 738 807 940 231 515 1 534 166 70 496 638 
Cluster 1: 72 573 337 613 325 751 947 673 735 588 959 620 748 960 841 810 457 439 833 339 56 580 854 304 480 861 684 640 783 302 180 295 19 187 575 68 785 45 797 363 267 104 837 24 864 217 790 280 43 132 993 625 925 568 809 60 482 990 526 584 223 206 427 7 605 443 67 346 451 578 685 549 494 552 849 558 476 397 354 342 555 512 528 743 115 788 486 440 962 939 123 147 636 747 793 245 527 973 188 28 775 547 202 897 118 6 210 574 268 980 969 621 213 914 362 251 86 485 252 455 287 506 772 597 238 626 260 471 266 391 281 464 592 358 134 168 658 409 761 815 771 345 739 851 978 936 208 425 671 332 535 149 226 303 656 78 817 13 376 794 855 628 971 130 904 725 124 612 537 816 385 412 81 158 106 789 553 103 331 972 974 422 160 944 401 538 579 893 857 701 492 219 240 782 349 216 170 364 178 256 387 436 510 375 490 669 176 237 489 16 39 49 404 79 731 570 664 954 350 400 882 125 752 431 606 865 185 75 269 713 981 378 275 96 948 690 317 91 258 887 341 571 823 408 652 812 614 516 866 845 681 729 958 413 970 403 142 505 711 311 666 919 97 17 4 105 9 44 18 380 89 183 393 688 474 472 356 315 967 285 581 933 518 368 52 654 249 945 577 533 335 329 689 20 138 46 225 905 918 22 946 699 411 444 34 530 912 736 140 563 922 911 818 61 938 744 986 680 189 59 153 27 910 62 53 36 2 265 720 126 811 937 102 181 934 407 463 586 840 522 906 174 541 813 886 116 561 663 862 71 567 161 433 999 819 828 246 850 227 943 920 723 297 695 880 703 394 491 441 493 383 821 8 66 498 150 781 282 40 742 524 545 129 679 604 778 902 610 119 543 438 23 298 714 
Total Distance: 67162.5
TSP Approx Improvement: 552.287 to 550.29
TSP Approx Improvement: 561.994 to 558.979
TSP Approx Improvement: 442.76 to 440.76
TSP Approx Improvement: 668.287 to 667.241
TSP Approx Improvement: 413.271 to 413.264
TSP Approx Improvement: 469.511 to 467.527
TSP Approx Improvement: 459.632 to 459.269

Postprocess 1 route valid
2OPT Improvement: 651.459 to 651.233
2OPT Improvement: 691.372 to 685.462
2OPT Improvement: 413.264 to 413.176
2OPT Improvement: 336.766 to 336.431
Postprocess 2 route valid
2OPT Improvement: 651.459 to 651.233
2OPT Improvement: 691.372 to 685.462
2OPT Improvement: 413.271 to 413.183
2OPT Improvement: 459.632 to 459.269
2OPT Improvement: 668.287 to 667.241
2OPT Improvement: 442.76 to 440.76
2OPT Improvement: 552.287 to 550.29
2OPT Improvement: 336.766 to 336.431
2OPT Improvement: 561.994 to 558.979
2OPT Improvement: 469.511 to 467.527
Postprocess 3 route valid
Final Routes:
Route #1: 0 316 461 47 773 389 603 0 
Route #2: 0 473 109 424 90 395 728 65 186 968 0 
Route #3: 0 745 218 371 143 844 956 661 0 
Route #4: 0 406 820 502 222 927 509 465 196 977 643 0 
Route #5: 0 438 524 610 600 870 786 869 77 0 
Route #6: 0 593 481 74 274 352 674 871 662 390 417 519 0 
Route #7: 0 562 148 291 57 131 953 560 418 159 374 0 
Route #8: 0 95 834 557 381 271 215 630 750 264 310 0 
Route #9: 0 301 777 564 360 635 536 236 80 642 513 0 
Route #10: 0 122 705 641 709 991 372 338 234 0 
Route #11: 0 532 33 209 320 763 894 672 805 172 569 0 
Route #12: 0 698 257 121 966 247 113 452 448 367 347 83 500 0 
Route #13: 0 415 322 627 559 462 678 0 
Route #14: 0 616 313 876 795 114 895 416 284 878 0 
Route #15: 0 544 784 708 460 852 732 0 
Route #16: 0 675 842 50 822 459 830 872 903 382 979 0 
Route #17: 0 278 511 308 191 712 898 915 0 
Route #18: 0 351 127 682 428 907 0 
Route #19: 0 190 235 475 596 749 429 488 0 
Route #20: 0 800 211 359 442 804 715 888 923 355 0 
Route #21: 0 984 896 244 497 48 935 484 653 975 434 765 964 0 
Route #22: 0 328 92 200 846 634 624 201 445 517 454 988 0 
Route #23: 0 615 667 808 926 277 824 0 
Route #24: 0 879 501 683 344 426 799 594 286 0 
Route #25: 0 648 949 197 767 214 764 82 98 503 399 156 0 
Route #26: 0 38 262 632 366 192 12 929 0 
Route #27: 0 212 63 618 859 633 0 
Route #28: 0 985 884 324 421 369 261 838 697 814 0 
Route #29: 0 941 32 520 357 686 327 348 900 136 0 
Route #30: 0 856 5 477 398 0 
Route #31: 0 758 774 478 410 644 25 1000 0 
Route #32: 0 243 792 901 259 803 165 128 691 668 874 405 0 
Route #33: 0 714 311 893 0 
Route #34: 0 76 631 467 333 639 229 730 88 659 110 42 0 
Route #35: 0 386 909 319 145 875 693 762 601 232 173 0 
Route #36: 0 305 30 198 64 589 0 
Route #37: 0 108 182 470 93 203 716 706 379 525 0 
Route #38: 0 388 760 272 321 353 983 499 548 0 
Route #39: 0 931 151 137 998 163 26 665 340 0 
Route #40: 0 184 139 955 14 645 754 700 889 791 0 
Route #41: 0 306 294 766 343 930 241 230 169 0 
Route #42: 0 54 483 531 177 769 724 135 607 195 504 0 
Route #43: 0 722 718 334 414 100 326 430 802 550 932 35 582 0 
Route #44: 0 780 529 300 740 677 921 0 
Route #45: 0 402 456 565 670 263 207 0 
Route #46: 0 965 825 868 154 370 827 832 270 171 146 0 
Route #47: 0 384 853 432 727 288 835 858 361 839 608 994 447 0 
Route #48: 0 660 479 437 719 204 37 292 696 205 746 514 756 0 
Route #49: 0 164 323 242 419 179 622 450 609 877 753 193 0 
Route #50: 0 957 787 806 710 318 831 961 587 58 290 3 0 
Route #51: 0 982 707 111 551 94 843 942 885 507 646 0 
Route #52: 0 726 801 987 989 917 540 0 
Route #53: 0 175 144 373 692 133 913 539 891 892 0 
Route #54: 0 963 466 279 31 276 0 
Route #55: 0 194 84 867 779 908 595 468 847 916 41 0 
Route #56: 0 11 299 602 377 296 995 759 546 449 0 
Route #57: 0 309 890 721 253 651 396 733 741 469 365 521 0 
Route #58: 0 167 293 542 952 619 446 15 73 928 0 
Route #59: 0 336 508 254 152 392 453 283 87 0 
Route #60: 0 997 585 796 120 992 598 273 717 0 
Route #61: 0 836 69 704 10 649 556 325 673 735 0 
Route #62: 0 623 162 112 157 29 757 101 860 221 694 0 
Route #63: 0 0 734 228 107 776 768 829 330 248 826 951 566 
Route #64: 0 435 250 629 523 117 657 863 495 420 590 0 
Route #65: 0 924 155 224 312 702 199 737 873 576 0 
Route #66: 0 487 255 899 289 572 950 423 85 554 233 881 650 51 0 
Route #67: 0 599 755 798 591 141 458 637 848 647 99 0 
Route #68: 0 655 976 220 55 883 0 
Route #69: 0 611 940 534 738 807 314 770 239 0 
Route #70: 0 231 1 70 496 166 515 307 687 617 676 0 
Route #71: 0 638 72 573 337 613 947 588 439 751 0 
Route #72: 0 960 810 620 959 841 580 304 480 684 833 56 0 
Route #73: 0 854 783 640 861 457 748 339 0 
Route #74: 0 925 625 397 512 494 549 0 
Route #75: 0 363 797 45 68 575 295 180 302 187 19 0 
Route #76: 0 482 990 584 60 809 993 864 790 280 43 104 0 
Route #77: 0 605 206 427 67 346 0 
Route #78: 0 451 578 443 7 526 223 685 0 
Route #79: 0 849 476 788 555 354 342 558 552 0 
Route #80: 0 785 267 837 132 24 217 568 0 
Route #81: 0 115 962 486 743 440 939 123 528 0 
Route #82: 0 28 775 973 188 527 245 793 636 147 747 0 
Route #83: 0 268 980 210 574 0 
Route #84: 0 6 897 202 118 547 0 
Route #85: 0 914 362 621 969 213 251 455 252 86 485 0 
Route #86: 0 238 597 287 772 506 626 471 260 0 
Route #87: 0 815 658 656 771 761 168 592 281 391 0 
Route #88: 0 535 303 226 671 978 851 134 358 464 0 
Route #89: 0 208 425 149 332 345 936 409 739 0 
Route #90: 0 130 725 612 904 855 13 78 794 971 628 376 817 0 
Route #91: 0 981 954 39 782 857 266 0 
Route #92: 0 106 158 81 385 537 124 816 412 160 0 
Route #93: 0 789 553 103 331 972 974 422 944 401 579 538 0 
Route #94: 0 711 403 970 729 413 866 887 408 812 614 845 269 0 
Route #95: 0 364 492 219 170 606 125 0 
Route #96: 0 79 664 49 489 490 16 669 731 375 701 436 387 0 
Route #97: 0 996 21 583 0 
Route #98: 0 431 865 882 400 752 275 75 713 185 0 
Route #99: 0 570 350 690 240 216 349 178 237 176 404 0 
Route #100: 0 652 823 258 958 505 142 516 0 
Route #101: 0 571 681 948 91 96 378 341 317 0 
Route #102: 0 581 933 4 17 105 97 919 666 0 
Route #103: 0 380 44 9 18 89 0 
Route #104: 0 183 393 967 474 688 315 472 356 368 52 0 
Route #105: 0 577 533 329 249 945 20 46 689 138 905 225 0 
Route #106: 0 285 518 411 256 510 0 
Route #107: 0 937 181 407 102 934 720 126 265 2 53 62 912 0 
Route #108: 0 36 22 335 654 918 530 444 699 59 140 0 
Route #109: 0 563 986 938 818 27 189 153 811 0 
Route #110: 0 911 736 34 61 744 922 910 680 946 0 
Route #111: 0 116 813 840 463 586 906 541 174 522 886 0 
Route #112: 0 819 999 246 850 161 71 862 561 663 0 
Route #113: 0 778 129 150 8 491 821 383 880 0 
Route #114: 0 66 545 297 695 723 920 227 943 828 433 567 0 
Route #115: 0 394 40 282 298 119 23 0 
Route #116: 0 902 543 679 604 742 781 703 493 441 498 0 
