filename: c2_10_4
Vehicles: 250, Capacity: 700
Total customers : 1001
Cluster 0: 537 106 501 436 879 357 269 512 54 385 523 669 148 303 566 262 679 689 132 130 475 394 580 159 889 509 93 86 362 311 339 230 413 26 825 722 854 359 507 805 674 916 195 400 221 649 260 16 347 105 702 602 682 185 89 536 246 169 939 53 264 133 366 353 840 120 887 208 489 456 463 549 735 672 558 434 43 651 730 361 969 175 242 301 419 460 874 479 991 350 364 178 342 500 858 73 338 851 820 625 614 117 782 352 826 279 653 9 998 929 981 827 67 42 200 326 927 692 847 834 78 810 184 238 744 305 227 448 390 218 96 494 354 676 960 907 403 630 746 187 491 687 652 20 149 374 600 245 521 577 15 157 764 979 775 731 146 182 958 845 348 519 584 61 312 335 807 962 47 31 115 118 99 292 80 878 282 680 310 900 126 542 428 572 867 513 890 590 794 197 379 23 236 776 673 95 559 111 38 728 640 177 258 951 222 386 278 206 250 253 780 28 857 511 433 765 299 202 711 296 904 809 940 974 836 574 856 888 783 769 209 371 388 964 127 596 170 332 797 35 441 755 628 444 239 585 882 781 884 207 941 919 341 160 948 668 235 956 973 45 648 526 261 114 145 816 232 10 892 226 225 83 972 799 314 263 125 141 608 753 300 762 703 217 181 288 760 194 664 137 707 751 877 872 822 671 391 237 801 142 478 659 713 432 567 804 473 613 905 829 911 398 959 865 255 647 758 937 913 811 718 540 57 429 915 462 76 234 401 162 340 51 459 412 868 561 786 257 71 229 24 665 198 517 62 891 358 397 241 251 873 895 719 82 426 307 750 741 609 535 152 333 167 582 644 734 698 317 754 220 248 763 360 467 87 947 695 841 464 502 418 508 802 977 33 367 470 458 906 112 129 199 747 945 97 377 256 812 399 657 997 378 100 925 618 784 565 828 716 949 440 806 544 161 272 50 564 214 116 626 113 839 642 961 737 795 522 552 928 548 189 880 186 595 860 938 3 346 22 742 859 243 290 705 6 833 138 950 180 866 55 996 154 191 656 363 41 90 632 373 587 568 14 821 92 619 612 39 622 25 425 923 790 193 710 606 344 304 37 944 571 101 551 196 308 7 855 483 978 156 476 862 60 740 694 109 102 881 627 850 994 696 538 212 666 777 930 563 424 466 289 337 474 532 122 817 306 150 842 285 316 604 557 943 228 27 504 599 875 277 382 903 94 987 108 442 586 983 431 393 176 166 104 638 631 893 597 405 897 59 273 421 158 768 151 553 787 407 493 480 74 955 933 643 121 620 554 135 18 383 17 691 505 252 183 231 29 658 484 334 677 683 452 550 422 636 721 992 275 605 315 963 629 449 985 313 
Cluster 1: 21 914 281 270 447 103 848 736 708 414 525 40 168 886 593 481 461 329 528 506 968 971 623 376 472 524 635 970 610 601 637 420 684 539 291 188 999 720 555 453 8 1 936 641 808 688 831 247 965 814 265 926 12 712 287 140 545 917 172 984 216 284 761 803 274 327 920 266 663 380 91 268 488 788 547 924 204 240 343 283 837 773 752 869 578 562 771 838 503 843 309 732 58 415 437 219 210 203 575 438 406 88 922 932 408 63 143 861 846 224 830 215 531 896 899 617 451 454 738 898 779 254 44 704 465 894 876 427 749 124 395 701 77 685 455 918 351 295 365 435 546 909 499 1000 211 201 615 910 70 678 416 164 11 700 324 52 496 952 244 331 259 655 515 205 863 534 68 409 294 165 706 727 693 223 510 759 302 607 864 490 715 323 370 381 319 598 477 770 404 576 849 443 912 621 935 518 297 457 107 650 369 2 815 72 789 989 32 853 147 726 681 785 98 153 774 516 953 990 885 450 988 5 233 392 530 345 592 883 131 661 36 957 190 336 355 588 527 871 119 633 757 699 13 533 709 249 579 471 748 468 908 772 818 155 134 139 495 49 824 34 423 171 368 48 485 30 66 583 986 766 791 796 396 389 81 844 64 560 144 725 372 729 65 439 56 654 778 745 832 410 192 954 384 662 267 179 280 213 902 330 975 482 645 724 19 174 813 529 980 634 946 581 675 690 321 328 84 69 128 487 570 136 717 921 756 543 723 173 616 646 603 686 349 402 75 793 387 445 486 591 276 934 819 163 942 976 767 573 743 660 798 901 639 271 739 733 325 430 417 611 46 931 492 967 497 293 667 556 594 714 498 514 85 823 624 123 852 4 411 286 982 870 322 966 670 469 520 298 375 569 320 995 792 993 356 110 318 835 446 541 697 79 800 589 
Total Distance: 25320
TSP Approx Improvement: 437.569 to 435.903
TSP Approx Improvement: 568.527 to 568.525
TSP Approx Improvement: 568.525 to 564.498
TSP Approx Improvement: 322.961 to 322.219
TSP Approx Improvement: 322.219 to 318.293
TSP Approx Improvement: 516.379 to 514.727
TSP Approx Improvement: 510.174 to 508.285
TSP Approx Improvement: 467.435 to 464.706
TSP Approx Improvement: 430.707 to 421.818
TSP Approx Improvement: 421.818 to 421.458
TSP Approx Improvement: 421.458 to 415.311
TSP Approx Improvement: 415.311 to 411.687
TSP Approx Improvement: 630.304 to 619.791
TSP Approx Improvement: 619.791 to 617.443
TSP Approx Improvement: 617.443 to 616.989
TSP Approx Improvement: 616.989 to 615.568
TSP Approx Improvement: 362.81 to 361.81
TSP Approx Improvement: 487.381 to 485.863
TSP Approx Improvement: 353.301 to 352.032
TSP Approx Improvement: 391.491 to 377.432
TSP Approx Improvement: 377.432 to 375.334
TSP Approx Improvement: 514.727 to 514.36
TSP Approx Improvement: 674.674 to 673.806
TSP Approx Improvement: 467.88 to 466.098
TSP Approx Improvement: 586.538 to 586.335
TSP Approx Improvement: 586.335 to 583.621
TSP Approx Improvement: 583.621 to 582.798
TSP Approx Improvement: 673.806 to 671.381
TSP Approx Improvement: 671.381 to 669.242
TSP Approx Improvement: 167.811 to 165.293

Postprocess 1 route valid
2OPT Improvement: 417.1 to 415.825
2OPT Improvement: 318.293 to 318.12
2OPT Improvement: 318.12 to 317.973
2OPT Improvement: 317.973 to 302.781
2OPT Improvement: 604.919 to 603.779
2OPT Improvement: 641.069 to 630.55
2OPT Improvement: 302.781 to 280.059
2OPT Improvement: 453.965 to 452.383
2OPT Improvement: 630.55 to 624.85
2OPT Improvement: 559.283 to 557.433
2OPT Improvement: 507.853 to 507.672
2OPT Improvement: 514.36 to 513.966
2OPT Improvement: 505.113 to 495.51
2OPT Improvement: 673.678 to 672.613
2OPT Improvement: 351.389 to 351.05
2OPT Improvement: 565.122 to 563.895
2OPT Improvement: 375.334 to 375.21
2OPT Improvement: 413.32 to 412.157
2OPT Improvement: 597.397 to 596.772
2OPT Improvement: 582.798 to 582.549
2OPT Improvement: 669.242 to 655.776
2OPT Improvement: 361.81 to 360.102
2OPT Improvement: 596.772 to 595.934
2OPT Improvement: 563.895 to 562.043
2OPT Improvement: 582.549 to 581.294
2OPT Improvement: 562.043 to 561.82
2OPT Improvement: 671.885 to 671.365
2OPT Improvement: 671.365 to 670.209
2OPT Improvement: 670.209 to 669.857
2OPT Improvement: 669.857 to 669.766
2OPT Improvement: 513.966 to 512.174
2OPT Improvement: 512.174 to 512.142
Postprocess 2 route valid
2OPT Improvement: 417.1 to 415.825
2OPT Improvement: 604.919 to 603.779
2OPT Improvement: 437.569 to 435.903
2OPT Improvement: 353.301 to 352.032
2OPT Improvement: 641.069 to 630.55
2OPT Improvement: 322.961 to 322.787
2OPT Improvement: 322.787 to 322.641
2OPT Improvement: 630.55 to 624.85
2OPT Improvement: 322.641 to 308.861
2OPT Improvement: 453.965 to 452.383
2OPT Improvement: 510.174 to 508.285
2OPT Improvement: 673.678 to 672.613
2OPT Improvement: 516.379 to 514.587
2OPT Improvement: 505.113 to 495.51
2OPT Improvement: 507.853 to 507.672
2OPT Improvement: 674.674 to 673.806
2OPT Improvement: 391.491 to 388.87
2OPT Improvement: 388.87 to 383.676
2OPT Improvement: 383.676 to 377.432
2OPT Improvement: 377.432 to 377.309
2OPT Improvement: 377.309 to 375.21
2OPT Improvement: 467.435 to 464.706
2OPT Improvement: 467.88 to 466.098
2OPT Improvement: 673.806 to 671.381
2OPT Improvement: 586.538 to 586.335
2OPT Improvement: 586.335 to 583.621
2OPT Improvement: 583.621 to 581.567
2OPT Improvement: 597.397 to 596.772
2OPT Improvement: 596.772 to 595.934
2OPT Improvement: 351.389 to 351.05
2OPT Improvement: 671.381 to 669.242
2OPT Improvement: 630.304 to 616.621
2OPT Improvement: 308.861 to 287.603
2OPT Improvement: 616.621 to 616.273
2OPT Improvement: 413.32 to 412.157
2OPT Improvement: 430.707 to 421.818
2OPT Improvement: 559.283 to 557.433
2OPT Improvement: 671.885 to 671.365
2OPT Improvement: 514.587 to 514.221
2OPT Improvement: 581.567 to 580.312
2OPT Improvement: 671.365 to 670.209
2OPT Improvement: 565.122 to 563.895
2OPT Improvement: 167.811 to 167.648
2OPT Improvement: 167.648 to 166.703
2OPT Improvement: 487.381 to 485.863
2OPT Improvement: 669.242 to 655.776
2OPT Improvement: 568.527 to 568.525
2OPT Improvement: 568.525 to 564.498
2OPT Improvement: 670.209 to 669.857
2OPT Improvement: 563.895 to 562.043
2OPT Improvement: 421.818 to 421.458
2OPT Improvement: 562.043 to 561.82
2OPT Improvement: 166.703 to 165.293
2OPT Improvement: 580.312 to 580.063
2OPT Improvement: 669.857 to 669.766
2OPT Improvement: 421.458 to 415.311
2OPT Improvement: 415.311 to 411.687
2OPT Improvement: 362.81 to 361.81
2OPT Improvement: 361.81 to 360.102
Postprocess 3 route valid
Final Routes:
Route #1: 0 854 26 339 86 669 54 475 132 889 566 385 0 
Route #2: 0 509 230 722 359 916 649 221 674 0 
Route #3: 0 394 130 303 269 106 501 262 148 512 436 879 537 357 523 679 93 311 16 260 413 825 507 195 805 105 536 939 169 246 89 0 
Route #4: 0 580 689 159 362 400 347 682 185 702 602 0 
Route #5: 0 53 264 353 366 120 489 840 133 549 463 735 434 361 175 558 456 887 208 350 342 651 0 
Route #6: 0 960 96 929 338 858 625 9 981 782 614 851 969 352 73 676 0 
Route #7: 0 149 746 652 491 187 764 775 146 348 312 584 335 118 115 99 292 900 542 890 428 0 
Route #8: 0 184 78 827 67 826 279 810 238 448 218 305 227 744 927 42 692 326 834 354 979 845 31 310 80 47 0 
Route #9: 0 403 907 390 494 374 20 600 0 
Route #10: 0 460 419 730 672 43 820 117 500 178 874 242 479 301 991 653 364 998 200 847 687 630 731 577 157 245 521 15 0 
Route #11: 0 962 807 61 519 958 182 0 
Route #12: 0 648 973 671 478 0 
Route #13: 0 673 379 197 776 640 38 258 95 572 951 857 250 206 278 253 780 222 386 177 111 590 867 513 236 559 0 
Route #14: 0 401 241 718 647 905 137 760 217 664 762 703 288 707 822 877 801 659 398 758 255 937 462 609 719 82 873 367 0 
Route #15: 0 882 884 781 668 511 28 836 974 170 628 797 596 941 444 114 751 300 314 141 142 713 567 829 911 804 473 613 865 959 0 
Route #16: 0 333 891 397 535 220 587 14 742 548 290 866 191 923 862 0 
Route #17: 0 540 665 582 913 237 432 391 608 181 753 263 225 341 948 585 239 194 872 0 
Route #18: 0 728 282 878 126 680 23 794 433 765 299 371 127 888 574 388 940 296 769 964 783 202 0 
Route #19: 0 35 332 441 755 526 261 816 919 45 10 892 799 125 83 972 232 226 145 235 956 207 160 209 809 856 904 711 0 
Route #20: 0 841 464 418 802 33 129 199 763 167 750 307 895 251 24 71 915 340 51 868 198 358 741 426 754 467 695 502 360 87 947 698 644 470 906 0 
Route #21: 0 189 795 565 716 839 961 50 642 880 425 612 344 196 308 0 
Route #22: 0 561 257 459 786 62 229 412 76 811 57 429 234 162 517 152 734 317 248 977 508 812 399 256 945 97 0 
Route #23: 0 833 138 363 821 606 7 622 522 938 6 154 619 92 790 193 632 996 186 928 737 22 950 568 39 710 304 978 156 483 109 212 943 504 27 0 
Route #24: 0 373 90 25 551 855 944 37 705 55 243 860 595 116 214 544 161 828 100 112 458 747 377 657 784 113 626 564 272 440 949 0 
Route #25: 0 505 383 554 421 405 983 94 987 474 538 696 994 627 694 60 476 101 571 740 102 881 0 
Route #26: 0 414 708 270 452 0 
Route #27: 0 930 122 289 424 563 666 850 777 337 316 306 228 557 532 466 817 842 150 604 285 0 
Route #28: 0 859 346 180 41 656 3 552 806 618 378 925 997 0 
Route #29: 0 431 108 393 104 597 586 382 599 903 875 277 442 166 631 59 638 176 893 897 135 691 334 315 0 
Route #30: 0 525 281 963 313 422 553 158 151 407 17 605 914 992 275 985 721 677 29 658 484 493 273 768 787 480 121 620 643 933 18 683 231 955 183 252 0 
Route #31: 0 12 172 545 712 720 999 555 188 453 641 936 1 91 268 274 327 803 506 593 528 329 968 461 447 0 
Route #32: 0 637 420 539 684 601 524 971 623 103 481 886 736 636 449 550 74 629 21 848 40 168 0 
Route #33: 0 309 578 562 837 771 343 924 547 488 920 266 380 663 761 984 287 291 0 
Route #34: 0 732 210 203 406 575 437 415 219 438 58 843 838 204 265 814 917 216 284 140 831 965 247 688 926 808 8 635 376 970 610 472 0 
Route #35: 0 503 752 869 773 788 240 283 0 
Route #36: 0 408 88 922 932 143 224 861 63 846 896 738 531 704 395 779 454 899 830 0 
Route #37: 0 617 77 427 365 323 615 215 0 
Route #38: 0 898 44 254 749 455 876 124 918 685 465 451 894 701 11 52 700 910 416 678 70 164 295 351 0 
Route #39: 0 324 435 211 1000 546 499 201 909 244 496 205 331 655 259 952 515 864 715 706 404 770 319 370 759 409 534 68 0 
Route #40: 0 849 912 935 107 518 576 598 727 863 165 294 223 607 510 693 381 443 457 369 815 72 36 527 633 0 
Route #41: 0 119 336 153 98 0 
Route #42: 0 249 757 345 957 530 450 988 953 233 5 661 883 592 516 989 789 650 297 621 477 490 302 2 0 
Route #43: 0 748 579 726 853 147 32 785 681 774 990 885 392 131 190 355 871 699 13 588 533 709 0 
Route #44: 0 389 64 495 49 134 471 468 772 908 818 824 583 485 171 34 155 139 423 368 0 
Route #45: 0 280 902 482 330 662 213 179 954 410 439 372 192 144 725 65 832 986 396 791 30 766 48 66 796 81 729 654 745 0 
Route #46: 0 19 529 634 174 724 645 267 813 321 69 980 581 487 570 717 723 616 173 75 646 136 946 384 56 778 844 560 0 
Route #47: 0 921 686 603 793 543 756 349 402 163 934 276 819 660 573 743 798 976 942 0 
Route #48: 0 387 445 486 591 128 84 328 975 675 690 0 
Route #49: 0 823 967 739 417 325 430 293 667 492 931 594 85 498 497 714 624 123 966 286 982 870 469 375 995 320 569 520 298 993 792 0 
Route #50: 0 356 670 322 852 411 4 514 556 46 611 901 639 733 271 767 0 
Route #51: 0 589 835 446 110 541 79 800 697 318 0 
