filename: c2_10_3
Vehicles: 250, Capacity: 700
Total customers : 1001
Cluster 0: 830 215 531 896 899 617 451 454 738 898 779 254 44 704 465 894 876 427 749 124 395 701 77 685 455 918 351 295 365 435 546 909 499 1000 211 201 615 910 70 678 416 164 11 700 324 52 496 952 244 331 259 655 515 205 863 534 68 409 294 165 706 727 693 223 510 759 302 607 864 490 715 323 370 381 319 598 477 770 404 576 849 443 912 621 935 518 297 457 107 650 369 2 815 72 789 989 32 853 147 726 681 785 98 153 774 516 953 990 885 450 988 5 233 392 530 345 592 883 131 661 36 957 190 336 355 588 527 871 119 633 757 699 13 533 709 249 579 471 748 468 908 772 818 155 134 139 495 49 824 34 423 171 368 48 485 30 66 583 986 766 791 796 396 389 81 844 64 560 144 725 372 729 65 439 56 654 778 745 832 410 192 954 384 662 267 179 280 213 902 330 975 482 645 724 19 174 813 529 980 634 946 581 675 690 321 328 84 69 128 487 570 136 
Cluster 1: 717 921 756 543 723 173 616 646 603 686 349 402 75 793 387 445 486 591 276 934 819 163 942 976 767 573 743 660 798 901 639 271 739 733 325 430 417 611 46 931 492 967 497 293 667 556 594 714 498 514 85 823 624 123 852 4 411 286 982 870 322 966 670 469 520 298 375 569 320 995 792 993 356 110 318 835 446 541 697 79 800 589 537 106 501 436 879 357 269 512 54 385 523 669 148 303 566 262 679 689 132 130 475 394 580 159 889 509 93 86 362 311 339 230 413 26 825 722 854 359 507 805 674 916 195 400 221 649 260 16 347 105 702 602 682 185 89 536 246 169 939 
Cluster 2: 53 264 133 366 353 840 120 887 208 489 456 463 549 735 672 558 434 43 651 730 361 969 175 242 301 419 460 874 479 991 350 364 178 342 500 858 73 338 851 820 625 614 117 782 352 826 279 653 9 998 929 981 827 67 42 200 326 927 692 847 834 78 810 184 238 744 305 227 448 390 218 96 494 354 676 960 907 403 630 746 187 491 687 652 20 149 374 600 245 521 577 15 157 764 979 775 731 146 182 958 845 348 519 584 61 312 335 807 962 47 31 115 118 99 292 80 878 282 680 310 900 126 542 428 572 867 513 890 590 794 197 379 23 236 776 673 95 559 111 
Cluster 3: 38 728 640 177 258 951 222 386 278 206 250 253 780 28 857 511 433 765 299 202 711 296 904 809 940 974 836 574 856 888 783 769 209 371 388 964 127 596 170 332 797 35 441 755 628 444 239 585 882 781 884 207 941 919 341 160 948 668 235 956 973 45 648 526 261 114 145 816 232 10 892 226 225 83 972 799 314 263 125 141 608 753 300 762 703 217 181 288 760 194 664 137 707 751 877 872 822 671 391 237 801 142 478 659 713 432 567 804 473 613 905 829 911 398 959 865 255 647 758 937 913 811 718 540 57 429 915 462 76 234 401 162 340 51 459 412 868 561 786 257 71 229 24 665 198 517 62 891 358 397 241 251 873 895 719 82 426 307 750 741 609 535 152 333 167 582 644 734 698 317 754 220 248 763 360 467 87 947 695 841 464 502 418 508 802 977 33 367 470 458 906 112 129 199 747 945 97 377 256 812 399 657 997 378 100 925 618 784 565 828 716 949 440 806 544 161 272 50 564 214 116 626 113 839 642 961 737 795 522 552 928 548 189 880 186 595 860 938 3 346 22 742 859 243 290 705 6 833 138 950 180 866 55 996 154 191 656 363 41 90 632 373 587 568 14 821 92 619 612 39 622 25 425 923 790 193 710 606 
Cluster 4: 344 304 37 944 571 101 551 196 308 7 855 483 978 156 476 862 60 740 694 109 102 881 627 850 994 696 538 212 666 777 930 563 424 466 289 337 474 532 122 817 306 150 842 285 316 604 557 943 228 27 504 599 875 277 382 903 94 987 108 442 586 983 431 393 176 166 104 638 631 893 597 405 897 59 273 421 158 768 151 553 787 407 493 480 74 955 933 643 121 620 554 135 18 383 17 691 505 252 183 231 29 658 484 334 677 683 452 550 422 636 721 992 275 605 315 963 629 449 985 313 21 914 281 270 447 103 848 736 708 414 525 40 168 886 593 481 461 329 528 
Cluster 5: 506 968 971 623 376 472 524 635 970 610 601 637 420 684 539 291 188 999 720 555 453 8 1 936 641 808 688 831 247 965 814 265 926 12 712 287 140 545 917 172 984 216 284 761 803 274 327 920 266 663 380 91 268 488 788 547 924 204 240 343 283 837 773 752 869 578 562 771 838 503 843 309 732 58 415 437 219 210 203 575 438 406 88 922 932 408 63 143 861 846 224 
Total Distance: 32806.5
TSP Approx Improvement: 582.327 to 582.124
TSP Approx Improvement: 582.124 to 579.41
TSP Approx Improvement: 579.41 to 578.587
TSP Approx Improvement: 503.091 to 502.756
TSP Approx Improvement: 439.807 to 437.728
TSP Approx Improvement: 383.619 to 379.082
TSP Approx Improvement: 302.961 to 302.617
TSP Approx Improvement: 648.282 to 642.578
TSP Approx Improvement: 572.536 to 569.394
TSP Approx Improvement: 569.394 to 569.374
TSP Approx Improvement: 629.644 to 627.58
TSP Approx Improvement: 627.58 to 622.255
TSP Approx Improvement: 540.577 to 538.965
TSP Approx Improvement: 538.965 to 532.294
TSP Approx Improvement: 532.294 to 531.763
TSP Approx Improvement: 383.077 to 381.989
TSP Approx Improvement: 590.199 to 589.729
TSP Approx Improvement: 589.729 to 583.443
TSP Approx Improvement: 666.783 to 661.395
TSP Approx Improvement: 396.556 to 380.342
TSP Approx Improvement: 388.899 to 385.28
TSP Approx Improvement: 578.458 to 575.716
TSP Approx Improvement: 583.194 to 582.911
TSP Approx Improvement: 541.819 to 539.998

Postprocess 1 route valid
2OPT Improvement: 578.587 to 578.338
2OPT Improvement: 644.815 to 644.294
2OPT Improvement: 578.338 to 577.083
2OPT Improvement: 575.716 to 575.292
2OPT Improvement: 336.576 to 334.013
2OPT Improvement: 644.294 to 643.139
2OPT Improvement: 642.578 to 642.325
2OPT Improvement: 437.728 to 437.248
2OPT Improvement: 465.806 to 464.364
2OPT Improvement: 308.703 to 307.948
2OPT Improvement: 622.255 to 618.373
2OPT Improvement: 618.373 to 609.145
2OPT Improvement: 175.742 to 175.74
2OPT Improvement: 724.913 to 724.041
2OPT Improvement: 381.989 to 379.612
2OPT Improvement: 470.055 to 469.739
2OPT Improvement: 337.215 to 333.943
2OPT Improvement: 379.082 to 378.651
2OPT Improvement: 569.374 to 563.675
2OPT Improvement: 539.998 to 539.782
2OPT Improvement: 563.675 to 562.045
2OPT Improvement: 562.045 to 561.115
2OPT Improvement: 607.772 to 605.129
2OPT Improvement: 642.325 to 642.16
2OPT Improvement: 450.552 to 450.517
2OPT Improvement: 450.517 to 450.367
2OPT Improvement: 450.367 to 446.384
2OPT Improvement: 278.846 to 274.185
2OPT Improvement: 643.139 to 642.787
2OPT Improvement: 642.787 to 642.695
2OPT Improvement: 661.395 to 655.463
2OPT Improvement: 334.013 to 333.524
Postprocess 2 route valid
2OPT Improvement: 582.327 to 582.124
2OPT Improvement: 644.815 to 644.294
2OPT Improvement: 644.294 to 643.139
2OPT Improvement: 643.139 to 642.787
2OPT Improvement: 302.961 to 302.617
2OPT Improvement: 503.091 to 502.756
2OPT Improvement: 572.536 to 566.599
2OPT Improvement: 450.552 to 450.517
2OPT Improvement: 465.806 to 464.364
2OPT Improvement: 629.644 to 625.762
2OPT Improvement: 625.762 to 615.198
2OPT Improvement: 578.458 to 578.035
2OPT Improvement: 615.198 to 614.47
2OPT Improvement: 583.194 to 583.121
2OPT Improvement: 439.807 to 438.992
2OPT Improvement: 642.787 to 642.695
2OPT Improvement: 614.47 to 609.145
2OPT Improvement: 336.576 to 334.013
2OPT Improvement: 540.577 to 538.965
2OPT Improvement: 607.772 to 605.129
2OPT Improvement: 438.992 to 437.248
2OPT Improvement: 541.819 to 539.998
2OPT Improvement: 308.703 to 307.948
2OPT Improvement: 334.013 to 333.524
2OPT Improvement: 470.055 to 469.739
2OPT Improvement: 666.783 to 660.851
2OPT Improvement: 383.619 to 383.188
2OPT Improvement: 566.599 to 563.695
2OPT Improvement: 450.517 to 450.367
2OPT Improvement: 383.188 to 378.651
2OPT Improvement: 660.851 to 655.463
2OPT Improvement: 590.199 to 589.729
2OPT Improvement: 450.367 to 446.384
2OPT Improvement: 578.035 to 577.178
2OPT Improvement: 582.124 to 579.41
2OPT Improvement: 383.077 to 381.989
2OPT Improvement: 724.913 to 724.041
2OPT Improvement: 278.846 to 274.185
2OPT Improvement: 396.556 to 396.358
2OPT Improvement: 396.358 to 383.143
2OPT Improvement: 383.143 to 380.342
2OPT Improvement: 175.742 to 175.74
2OPT Improvement: 563.695 to 561.115
2OPT Improvement: 388.899 to 385.28
2OPT Improvement: 589.729 to 583.443
2OPT Improvement: 337.215 to 333.943
2OPT Improvement: 579.41 to 577.356
2OPT Improvement: 577.356 to 576.101
2OPT Improvement: 576.101 to 575.852
2OPT Improvement: 539.998 to 539.782
2OPT Improvement: 381.989 to 379.612
2OPT Improvement: 538.965 to 532.294
2OPT Improvement: 532.294 to 531.763
Postprocess 3 route valid
Final Routes:
Route #1: 0 830 899 454 617 531 738 896 898 44 427 254 546 295 365 704 36 527 633 0 
Route #2: 0 779 77 749 455 876 124 918 685 465 451 894 701 11 52 700 910 416 70 164 211 0 
Route #3: 0 435 1000 499 201 909 678 244 496 205 331 655 952 515 259 864 715 706 770 370 409 534 0 
Route #4: 0 119 336 153 0 
Route #5: 0 490 912 935 107 518 576 598 727 863 165 294 223 607 510 693 381 443 849 404 319 759 302 0 
Route #6: 0 650 457 297 621 477 2 0 
Route #7: 0 98 726 147 853 32 785 681 774 990 392 131 355 871 699 13 249 579 0 
Route #8: 0 757 957 345 530 450 233 5 885 953 516 988 592 883 661 190 588 533 709 0 
Route #9: 0 368 389 745 654 64 729 662 267 813 980 581 796 66 48 766 372 439 81 139 423 748 0 
Route #10: 0 921 686 486 482 724 56 778 330 634 84 328 844 902 975 280 0 
Route #11: 0 560 989 789 72 815 369 323 351 395 215 0 
Route #12: 0 387 445 942 976 743 793 543 756 723 717 173 616 75 646 402 349 276 934 163 819 660 639 0 
Route #13: 0 155 495 49 34 134 471 468 772 908 818 824 583 791 396 144 725 65 832 986 171 485 30 192 410 954 179 213 384 645 174 529 19 0 
Route #14: 0 767 271 798 901 573 591 603 136 321 69 487 570 946 128 675 690 0 
Route #15: 0 356 298 670 322 520 569 320 411 4 85 498 497 931 492 46 611 293 325 739 733 0 
Route #16: 0 823 417 430 667 852 556 514 594 714 624 123 966 286 982 870 469 375 995 993 792 967 0 
Route #17: 0 589 835 110 501 262 148 512 800 436 79 541 697 318 0 
Route #18: 0 689 566 889 86 132 475 669 54 879 537 357 523 679 93 311 16 260 413 507 825 339 26 854 230 674 0 
Route #19: 0 509 580 722 359 916 649 221 702 602 0 
Route #20: 0 394 130 303 446 106 269 385 159 362 195 805 400 105 682 347 536 939 169 246 185 89 0 
Route #21: 0 460 419 364 991 558 434 735 463 549 133 840 456 489 120 887 366 208 353 264 53 0 
Route #22: 0 96 744 354 834 847 820 117 500 178 874 479 242 361 175 301 43 672 730 350 651 0 
Route #23: 0 342 826 929 338 858 625 9 981 927 782 614 851 969 653 998 200 326 692 42 810 238 731 577 157 0 
Route #24: 0 73 78 827 352 67 279 448 630 218 305 227 687 979 845 310 292 0 
Route #25: 0 184 746 652 491 187 960 390 907 494 403 374 20 764 245 521 15 600 149 676 0 
Route #26: 0 513 890 236 559 542 900 680 126 878 282 47 519 348 312 146 775 958 182 807 962 0 
Route #27: 0 673 379 197 776 640 38 258 95 572 951 278 253 206 250 857 809 856 711 80 99 115 118 31 335 584 61 0 
Route #28: 0 511 28 23 794 728 648 973 668 755 441 202 0 
Route #29: 0 241 62 459 257 786 229 358 426 307 251 895 167 750 763 754 467 695 199 129 747 377 657 784 100 925 0 
Route #30: 0 769 296 177 137 181 608 10 892 145 226 799 232 972 83 125 263 235 956 207 160 45 209 371 388 300 314 0 
Route #31: 0 194 141 783 836 974 170 628 919 114 751 237 816 261 341 948 526 585 239 781 884 882 0 
Route #32: 0 587 14 855 551 25 740 102 0 
Route #33: 0 659 801 822 877 760 753 707 762 703 288 664 217 225 904 780 386 222 111 590 867 428 0 
Route #34: 0 540 718 937 647 255 758 398 811 57 915 340 71 24 51 412 517 152 734 317 698 609 82 333 0 
Route #35: 0 865 613 911 829 713 142 567 804 473 872 671 959 478 0 
Route #36: 0 891 220 401 913 432 905 391 941 444 127 888 574 765 299 433 940 596 797 964 332 35 0 
Route #37: 0 97 397 582 367 906 470 112 458 464 502 33 802 418 841 977 508 812 256 945 0 
Route #38: 0 862 196 923 191 742 548 0 
Route #39: 0 665 561 462 429 76 234 162 868 198 741 360 87 947 248 644 719 873 535 0 
Route #40: 0 859 346 180 41 656 3 705 243 55 860 595 544 161 806 716 565 949 0 
Route #41: 0 833 138 363 821 606 193 622 272 564 440 828 618 378 399 997 0 
Route #42: 0 189 795 552 116 839 961 642 880 290 866 425 612 344 0 
Route #43: 0 373 90 944 37 7 212 109 156 978 304 710 483 92 790 632 996 186 938 928 737 22 950 568 39 619 154 6 113 522 626 214 50 0 
Route #44: 0 983 586 875 277 504 27 424 563 666 994 627 694 60 476 101 571 308 0 
Route #45: 0 881 538 930 696 850 777 337 943 316 306 289 122 466 817 842 150 604 285 0 
Route #46: 0 405 94 987 599 228 557 532 474 452 0 
Route #47: 0 629 550 422 313 963 17 121 620 643 933 18 135 955 505 0 
Route #48: 0 383 252 183 554 683 449 281 914 605 992 275 985 721 677 29 658 484 493 273 768 787 480 407 151 158 553 893 638 59 597 421 0 
Route #49: 0 431 108 393 166 631 104 270 708 414 447 0 
Route #50: 0 382 903 442 176 897 74 636 231 691 334 21 315 0 
Route #51: 0 168 593 40 103 481 886 525 736 848 376 970 610 329 968 461 637 0 
Route #52: 0 12 172 712 720 1 999 555 936 641 453 188 831 917 274 284 984 503 0 
Route #53: 0 472 420 291 539 684 635 601 8 803 327 91 268 788 663 380 266 920 488 924 240 283 0 
Route #54: 0 309 752 869 773 926 688 247 965 140 808 524 971 623 506 528 0 
Route #55: 0 408 88 143 224 861 846 63 932 922 438 58 843 771 547 837 562 578 732 68 615 324 0 
Route #56: 0 210 203 406 575 437 415 219 838 343 204 265 814 761 216 287 545 0 
