filename: r1_10_6
Vehicles: 250, Capacity: 200
Total customers : 1001
Cluster 0: 413 35 744 897 425 817 412 474 856 850 581 704 900 253 851 567 569 432 352 925 700 99 779 545 905 353 97 77 238 527 470 328 183 901 619 926 840 239 436 501 203 834 369 150 946 641 837 630 249 484 395 663 893 384 182 875 293 697 607 460 992 321 539 327 439 981 462 340 178 670 57 80 909 50 333 878 873 738 775 408 476 520 251 208 479 211 688 274 324 308 693 919 582 299 923 549 349 453 234 690 282 496 243 808 235 379 768 468 206 365 418 597 888 199 42 66 708 24 375 284 263 880 136 171 860 958 121 167 23 285 177 371 59 918 961 977 982 574 461 504 566 224 481 373 886 455 3 32 390 769 841 853 16 15 659 677 380 18 753 859 681 302 73 220 571 816 651 22 762 166 721 754 608 898 844 843 26 190 517 956 944 717 423 363 664 518 117 312 551 145 915 718 596 88 430 411 654 478 264 593 742 937 404 770 205 687 739 830 777 698 489 737 367 544 759 335 858 84 45 543 495 442 148 160 532 547 640 959 733 945 9 838 325 820 156 932 586 804 392 585 336 452 964 350 122 62 331 138 92 836 563 424 525 426 723 685 401 748 52 259 493 629 305 755 553 647 885 746 792 1000 637 213 341 824 289 707 657 863 719 29 151 135 315 498 416 726 606 231 616 765 86 934 345 382 884 882 966 48 394 902 69 409 377 731 248 2 212 58 143 386 638 95 583 609 265 197 758 788 258 985 242 867 832 337 807 940 113 588 296 528 323 298 428 446 829 492 140 361 179 79 979 673 63 290 665 71 157 896 155 393 254 703 222 529 801 210 433 655 667 410 120 666 449 552 402 364 990 356 51 715 515 890 225 30 556 313 603 625 307 521 963 999 786 729 796 144 534 855 866 158 701 781 857 316 275 111 27 107 591 246 354 252 595 927 813 938 31 854 604 491 488 614 503 262 435 39 68 636 516 441 573 942 448 185 338 387 200 627 134 976 740 385 383 683 980 699 791 279 895 214 400 865 617 281 819 800 628 189 502 577 388 330 798 795 702 398 500 162 483 443 240 846 747 403 514 507 724 33 415 634 1 147 473 427 472 993 948 930 632 680 103 623 997 947 309 81 599 53 519 194 815 447 842 429 137 98 643 106 126 260 513 227 38 247 499 674 780 82 691 610 761 329 456 226 173 366 41 303 
Cluster 1: 10 675 805 914 362 256 784 396 821 110 444 176 482 245 917 295 971 318 962 165 273 172 845 847 339 101 61 277 968 368 785 645 332 692 184 653 546 580 965 13 542 572 624 689 465 889 642 564 646 576 752 458 360 936 864 91 230 291 620 14 90 650 344 587 221 271 660 823 314 464 766 773 317 434 292 87 987 767 774 652 658 129 76 600 149 270 153 49 114 417 684 931 494 668 952 311 584 105 892 709 505 348 601 508 984 112 181 904 300 193 778 661 613 793 154 187 232 467 891 376 989 871 55 131 414 64 955 37 978 471 921 320 36 267 20 720 935 115 592 477 378 241 218 706 351 163 541 686 47 268 633 809 359 56 297 818 558 953 941 170 876 486 561 406 711 286 975 605 535 17 894 139 326 974 973 537 621 244 598 201 108 83 568 524 372 169 46 202 735 8 454 839 288 497 797 562 782 868 94 676 602 679 589 538 960 575 168 756 195 357 560 648 870 812 159 209 869 695 422 745 67 100 506 397 510 787 991 802 988 255 399 827 639 916 54 487 559 924 826 463 725 119 269 60 109 743 611 4 257 116 530 831 512 70 887 678 590 141 883 322 89 922 734 319 794 125 104 736 198 732 301 554 764 911 810 509 438 250 928 970 72 939 343 43 714 204 906 872 21 74 186 196 741 347 861 93 188 967 215 370 536 986 555 570 283 485 957 833 716 994 712 565 304 540 877 954 219 771 910 728 713 789 849 803 612 152 874 142 996 828 862 557 355 672 903 128 127 278 806 65 848 622 635 287 407 912 223 730 405 998 133 814 419 180 722 130 523 420 475 649 694 266 594 421 579 233 696 531 123 949 929 950 825 6 578 995 216 217 342 772 40 19 5 899 191 969 852 822 44 146 705 881 750 228 207 310 511 294 25 229 132 75 34 682 174 835 431 276 437 490 118 933 480 783 550 469 727 334 236 381 951 760 983 749 164 644 943 280 124 618 656 751 78 920 526 28 358 391 175 879 85 913 790 7 631 763 972 533 615 662 374 306 11 776 799 907 466 237 389 626 669 445 459 457 450 346 522 440 272 811 192 102 451 710 96 548 161 671 12 261 908 757 
Total Distance: 67957.3
TSP Approx Improvement: 431.95 to 429.792
TSP Approx Improvement: 557.216 to 547.827
TSP Approx Improvement: 584.953 to 581.438
TSP Approx Improvement: 588.234 to 572.369
TSP Approx Improvement: 593.403 to 593.307

Postprocess 1 route valid
2OPT Improvement: 594.285 to 584.94
2OPT Improvement: 533.216 to 532.413
2OPT Improvement: 652.703 to 651.964
2OPT Improvement: 651.964 to 645.658
2OPT Improvement: 528.293 to 519.768
2OPT Improvement: 586.245 to 580.715
2OPT Improvement: 647.765 to 647.567
2OPT Improvement: 659.432 to 654.992
2OPT Improvement: 529.649 to 527.822
2OPT Improvement: 754.16 to 753.94
Postprocess 2 route valid
2OPT Improvement: 431.95 to 429.792
2OPT Improvement: 594.285 to 584.94
2OPT Improvement: 533.216 to 532.413
2OPT Improvement: 557.216 to 547.827
2OPT Improvement: 652.703 to 651.964
2OPT Improvement: 651.964 to 645.658
2OPT Improvement: 584.953 to 581.438
2OPT Improvement: 586.245 to 580.715
2OPT Improvement: 659.432 to 654.992
2OPT Improvement: 529.649 to 527.822
2OPT Improvement: 647.765 to 647.567
2OPT Improvement: 528.293 to 519.768
2OPT Improvement: 754.16 to 753.94
2OPT Improvement: 588.234 to 586.766
2OPT Improvement: 586.766 to 576.47
2OPT Improvement: 576.47 to 572.369
Postprocess 3 route valid
Final Routes:
Route #1: 0 35 744 856 412 425 413 851 900 569 253 0 
Route #2: 0 817 897 757 261 12 908 474 0 
Route #3: 0 99 925 700 779 545 470 436 369 203 619 840 926 183 0 
Route #4: 0 77 901 946 837 641 834 0 
Route #5: 0 704 581 333 476 251 282 42 0 
Route #6: 0 893 992 460 395 663 353 238 905 97 0 
Route #7: 0 697 607 630 182 150 501 239 0 
Route #8: 0 484 249 875 439 327 293 178 539 321 981 0 
Route #9: 0 775 873 208 688 211 693 349 234 690 0 
Route #10: 0 462 670 80 50 57 878 738 479 408 384 0 
Route #11: 0 299 308 582 324 520 274 919 549 0 
Route #12: 0 808 496 263 418 285 177 961 574 504 0 
Route #13: 0 235 206 365 453 243 468 923 909 340 0 
Route #14: 0 888 597 768 379 958 375 59 24 121 284 481 0 
Route #15: 0 380 16 677 566 886 167 23 860 0 
Route #16: 0 853 18 915 718 687 478 0 
Route #17: 0 171 136 977 982 659 841 918 461 0 
Route #18: 0 721 651 373 944 363 956 830 84 0 
Route #19: 0 753 73 608 220 681 859 224 22 762 898 0 
Route #20: 0 138 748 563 495 543 160 325 9 945 547 532 0 
Route #21: 0 26 754 816 190 717 843 571 32 769 3 455 0 
Route #22: 0 411 770 302 844 0 
Route #23: 0 66 708 199 880 390 15 371 0 
Route #24: 0 117 517 312 518 551 166 423 664 0 
Route #25: 0 213 289 29 719 657 341 135 231 0 
Route #26: 0 1000 746 755 723 792 0 
Route #27: 0 122 804 838 640 367 737 742 777 205 404 264 0 
Route #28: 0 148 937 426 259 151 0 
Route #29: 0 489 654 596 593 145 698 739 88 430 0 
Route #30: 0 544 858 335 45 759 442 733 392 585 586 0 
Route #31: 0 726 616 934 401 685 424 964 836 52 305 493 0 
Route #32: 0 932 820 156 959 350 331 92 452 336 0 
Route #33: 0 629 553 498 863 637 315 416 707 0 
Route #34: 0 617 502 388 577 483 795 162 1 147 0 
Route #35: 0 606 765 345 86 409 902 48 882 382 0 
Route #36: 0 394 377 884 824 885 647 62 525 0 
Route #37: 0 667 655 433 210 666 492 242 609 528 323 0 
Route #38: 0 386 212 95 296 807 638 985 0 
Route #39: 0 788 758 265 829 79 63 0 
Route #40: 0 673 361 140 337 113 896 393 990 715 729 796 0 
Route #41: 0 143 248 58 583 258 588 832 940 428 298 0 
Route #42: 0 703 979 155 222 71 801 529 665 157 0 
Route #43: 0 254 449 290 0 
Route #44: 0 854 927 595 614 488 275 942 200 338 387 0 
Route #45: 0 963 402 552 410 364 999 30 356 603 855 521 144 0 
Route #46: 0 857 158 316 27 534 786 701 354 252 938 604 0 
Route #47: 0 68 262 435 107 813 491 591 246 866 0 
Route #48: 0 781 307 556 179 446 867 197 966 69 2 731 0 
Route #49: 0 313 890 515 120 225 111 740 627 976 980 516 0 
Route #50: 0 448 503 573 31 39 441 385 383 683 699 0 
Route #51: 0 819 800 281 0 
Route #52: 0 189 628 134 791 895 279 865 214 0 
Route #53: 0 400 724 33 81 53 0 
Route #54: 0 702 398 472 993 519 599 842 106 0 
Route #55: 0 514 403 443 798 636 625 51 0 
Route #56: 0 948 103 427 623 947 997 632 0 
Route #57: 0 846 507 240 747 0 
Route #58: 0 260 126 447 815 194 137 98 227 674 780 82 0 
Route #59: 0 185 330 500 415 634 0 
Route #60: 0 247 513 38 691 329 366 456 226 0 
Route #61: 0 680 473 930 309 429 643 761 173 610 0 
Route #62: 0 805 675 41 303 10 362 318 917 971 61 0 
Route #63: 0 165 962 482 396 821 444 0 
Route #64: 0 110 914 499 256 176 172 101 845 0 
Route #65: 0 847 339 273 295 784 245 624 546 653 580 968 368 277 0 
Route #66: 0 645 785 542 332 184 689 291 90 87 767 0 
Route #67: 0 692 465 642 564 576 360 344 864 889 646 0 
Route #68: 0 773 114 505 320 0 
Route #69: 0 458 464 987 129 0 
Route #70: 0 14 650 230 91 271 766 153 661 584 105 0 
Route #71: 0 752 936 620 587 660 221 314 434 317 823 0 
Route #72: 0 292 774 652 149 668 709 601 0 
Route #73: 0 706 218 202 47 471 921 621 537 0 
Route #74: 0 658 76 417 684 49 600 952 311 270 494 0 
Route #75: 0 931 348 793 193 187 892 232 467 131 267 0 
Route #76: 0 508 300 904 181 778 871 955 163 541 0 
Route #77: 0 965 572 13 0 
Route #78: 0 613 112 984 37 720 592 633 297 0 
Route #79: 0 978 64 55 154 414 20 989 376 0 
Route #80: 0 486 876 558 818 268 359 809 686 0 
Route #81: 0 477 241 115 36 378 953 975 561 894 0 
Route #82: 0 286 605 326 17 535 83 288 0 
Route #83: 0 139 974 598 46 735 562 602 538 195 648 422 870 0 
Route #84: 0 891 170 406 935 56 108 559 0 
Route #85: 0 201 372 524 973 351 711 568 169 244 0 
Route #86: 0 497 454 839 676 782 0 
Route #87: 0 679 575 797 94 756 868 8 168 357 159 0 
Route #88: 0 695 209 745 510 4 826 119 104 794 0 
Route #89: 0 141 89 883 590 924 991 812 560 960 589 0 
Route #90: 0 487 463 512 109 269 725 399 639 916 0 
Route #91: 0 530 116 70 322 611 787 827 941 0 
Route #92: 0 928 250 872 939 438 906 196 347 861 215 370 570 485 0 
Route #93: 0 802 54 988 100 397 506 67 869 255 0 
Route #94: 0 60 257 743 0 
Route #95: 0 764 198 736 922 734 678 887 831 0 
Route #96: 0 911 301 732 125 554 72 810 319 0 
Route #97: 0 74 21 714 509 343 43 186 741 970 0 
Route #98: 0 903 910 954 304 716 219 803 789 994 957 712 877 0 
Route #99: 0 986 555 536 188 180 672 848 852 132 0 
Route #100: 0 142 849 152 874 557 287 912 828 862 0 
Route #101: 0 445 669 457 548 432 352 567 850 671 0 
Route #102: 0 713 967 93 204 728 565 283 0 
Route #103: 0 407 223 622 772 635 65 278 0 
Route #104: 0 696 814 475 523 5 44 355 833 771 612 0 
Route #105: 0 899 995 950 578 722 996 694 0 
Route #106: 0 983 835 705 579 405 420 421 419 649 133 0 
Route #107: 0 881 310 511 25 229 294 490 118 469 550 236 0 
Route #108: 0 540 127 998 19 174 480 951 280 391 763 237 0 
Route #109: 0 123 929 949 825 216 342 969 750 75 682 0 
Route #110: 0 164 644 334 34 228 146 191 217 594 6 40 0 
Route #111: 0 783 276 727 431 207 822 130 266 531 233 730 806 128 0 
Route #112: 0 28 618 943 656 631 78 972 526 522 0 
Route #113: 0 0 615 533 920 124 749 85 175 7 358 790 
Route #114: 0 879 913 662 11 907 466 450 346 272 451 0 
Route #115: 0 306 374 776 760 437 933 381 751 0 
Route #116: 0 459 626 799 389 811 328 527 0 
Route #117: 0 710 96 161 440 102 192 0 
