filename: r1_10_5
Vehicles: 250, Capacity: 200
Total customers : 1001
Cluster 0: 757 413 35 744 897 425 817 412 474 856 850 581 704 900 253 851 567 569 432 352 925 700 99 779 545 905 353 97 77 238 527 470 328 183 901 619 926 840 239 436 501 203 834 369 150 946 641 837 630 249 484 395 663 893 384 182 875 293 697 607 460 992 321 539 327 439 981 462 340 178 670 57 80 909 50 333 878 873 738 775 408 476 520 251 208 479 211 688 274 324 308 693 919 582 299 923 549 349 453 234 690 282 496 243 808 235 379 768 468 206 365 418 597 888 199 42 66 708 24 375 284 263 880 136 171 860 958 121 167 23 285 177 371 59 918 961 977 982 574 461 504 566 224 481 373 886 455 3 32 390 769 841 853 16 15 659 677 380 18 753 859 681 302 73 220 571 816 651 22 762 166 721 754 608 898 844 843 26 190 517 956 944 717 423 363 664 518 117 312 551 145 915 718 596 88 430 411 654 478 264 593 742 937 404 770 205 687 739 830 777 698 489 737 367 544 759 335 858 84 45 543 495 442 148 160 532 547 640 959 733 945 9 838 325 820 156 932 586 804 392 585 336 452 964 350 122 62 331 138 92 836 563 424 525 426 723 685 401 748 52 259 493 629 305 755 553 647 885 746 792 1000 637 213 341 824 289 707 657 863 719 29 151 135 315 498 416 726 606 231 616 765 86 934 345 382 884 882 966 48 394 902 69 409 377 731 248 2 212 58 143 386 638 95 583 609 265 197 758 788 258 985 242 867 832 337 807 940 113 588 296 528 323 298 428 446 829 492 140 361 179 79 979 673 63 290 665 71 157 896 155 393 254 703 222 529 801 210 433 655 667 410 120 666 449 552 402 364 990 356 51 715 515 890 225 30 556 313 603 625 307 521 963 999 786 729 796 144 534 855 866 158 701 781 857 316 275 111 27 107 591 246 354 252 595 927 813 938 31 854 604 491 488 614 503 262 435 39 68 636 516 441 573 942 448 185 338 387 200 627 134 976 740 385 383 683 980 699 791 279 895 214 400 865 617 281 819 800 628 189 502 577 388 330 798 795 702 398 500 162 483 443 240 846 747 403 514 507 724 33 415 634 1 147 473 427 472 993 948 930 632 680 103 623 997 947 309 81 599 53 519 194 815 447 842 429 137 98 643 106 126 260 513 227 38 247 499 674 780 82 691 610 761 329 456 226 173 366 41 
Cluster 1: 303 10 675 805 914 362 256 784 396 821 110 444 176 482 245 917 295 971 318 962 165 273 172 845 847 339 101 61 277 968 368 785 645 332 692 184 653 546 580 965 13 542 572 624 689 465 889 642 564 646 576 752 458 360 936 864 91 230 291 620 14 90 650 344 587 221 271 660 823 314 464 766 773 317 434 292 87 987 767 774 652 658 129 76 600 149 270 153 49 114 417 684 931 494 668 952 311 584 105 892 709 505 348 601 508 984 112 181 904 300 193 778 661 613 793 154 187 232 467 891 376 989 871 55 131 414 64 955 37 978 471 921 320 36 267 20 720 935 115 592 477 378 241 218 706 351 163 541 686 47 268 633 809 359 56 297 818 558 953 941 170 876 486 561 406 711 286 975 605 535 17 894 139 326 974 973 537 621 244 598 201 108 83 568 524 372 169 46 202 735 8 454 839 288 497 797 562 782 868 94 676 602 679 589 538 960 575 168 756 195 357 560 648 870 812 159 209 869 695 422 745 67 100 506 397 510 787 991 802 988 255 399 827 639 916 54 487 559 924 826 463 725 119 269 60 109 743 611 4 257 116 530 831 512 70 887 678 590 141 883 322 89 922 734 319 794 125 104 736 198 732 301 554 764 911 810 509 438 250 928 970 72 939 343 43 714 204 906 872 21 74 186 196 741 347 861 93 188 967 215 370 536 986 555 570 283 485 957 833 716 994 712 565 304 540 877 954 219 771 910 728 713 789 849 803 612 152 874 142 996 828 862 557 355 672 903 128 127 278 806 65 848 622 635 287 407 912 223 730 405 998 133 814 419 180 722 130 523 420 475 649 694 266 594 421 579 233 696 531 123 949 929 950 825 6 578 995 216 217 342 772 40 19 5 899 191 969 852 822 44 146 705 881 750 228 207 310 511 294 25 229 132 75 34 682 174 835 431 276 437 490 118 933 480 783 550 469 727 334 236 381 951 760 983 749 164 644 943 280 124 618 656 751 78 920 526 28 358 391 175 879 85 913 790 7 631 763 972 533 615 662 374 306 11 776 799 907 466 237 389 626 669 445 459 457 450 346 522 440 272 811 192 102 451 710 96 548 161 671 12 261 908 
Total Distance: 65475.4
TSP Approx Improvement: 550.13 to 545.562

Postprocess 1 route valid
2OPT Improvement: 805.219 to 799.973
2OPT Improvement: 554.544 to 553.745
2OPT Improvement: 545.562 to 541.892
2OPT Improvement: 461.588 to 450.482
2OPT Improvement: 485.057 to 484.817
2OPT Improvement: 734.446 to 723.245
2OPT Improvement: 907.535 to 903.095
Postprocess 2 route valid
2OPT Improvement: 805.219 to 799.973
2OPT Improvement: 554.544 to 553.745
2OPT Improvement: 485.057 to 484.817
2OPT Improvement: 550.13 to 546.46
2OPT Improvement: 546.46 to 541.892
2OPT Improvement: 461.588 to 450.482
2OPT Improvement: 734.446 to 723.245
2OPT Improvement: 907.535 to 903.095
Postprocess 3 route valid
Final Routes:
Route #1: 0 161 897 757 779 946 432 545 352 470 567 925 0 
Route #2: 0 77 905 249 875 203 663 484 413 900 239 0 
Route #3: 0 459 35 581 569 253 0 
Route #4: 0 697 893 901 817 744 856 412 99 182 384 0 
Route #5: 0 489 654 608 312 220 956 390 423 547 461 0 
Route #6: 0 254 948 103 842 499 997 82 173 610 0 
Route #7: 0 700 425 353 183 909 340 238 926 539 981 840 501 0 
Route #8: 0 775 299 873 753 0 
Route #9: 0 117 517 944 841 199 234 607 630 328 527 0 
Route #10: 0 582 496 263 418 167 886 566 571 961 371 0 
Route #11: 0 704 992 738 395 460 641 150 834 0 
Route #12: 0 308 453 808 243 324 211 439 327 293 178 880 0 
Route #13: 0 838 640 964 350 543 59 468 688 284 768 693 349 0 
Route #14: 0 462 80 50 208 476 251 878 690 479 888 721 0 
Route #15: 0 136 597 379 977 504 958 375 57 520 24 408 0 
Route #16: 0 235 66 708 365 206 282 42 918 455 898 687 478 0 
Route #17: 0 373 982 574 121 224 659 32 285 177 23 274 919 549 0 
Route #18: 0 411 770 302 18 333 321 670 837 436 850 619 369 0 
Route #19: 0 1000 289 746 748 259 151 966 69 143 382 231 392 84 0 
Route #20: 0 853 363 518 145 596 777 759 698 739 88 664 264 0 
Route #21: 0 677 190 717 843 742 681 859 380 166 0 
Route #22: 0 718 73 754 816 593 45 442 959 9 723 0 
Route #23: 0 858 335 585 426 62 525 325 733 836 92 452 0 
Route #24: 0 148 401 685 424 331 336 945 586 532 0 
Route #25: 0 26 651 937 404 830 430 171 923 97 851 474 671 0 
Route #26: 0 932 820 544 160 156 367 737 495 915 15 844 0 
Route #27: 0 122 138 804 22 205 551 481 769 16 3 860 762 0 
Route #28: 0 885 29 637 305 657 719 493 863 824 0 
Route #29: 0 726 606 345 86 765 498 884 800 281 516 0 
Route #30: 0 213 337 58 409 248 341 52 315 647 0 
Route #31: 0 394 377 212 629 553 563 755 792 866 0 
Route #32: 0 616 934 902 588 48 882 416 707 135 0 
Route #33: 0 449 666 157 179 867 492 242 197 428 832 940 528 0 
Route #34: 0 68 448 573 222 113 258 446 807 298 290 51 0 
Route #35: 0 655 433 979 296 265 829 79 63 796 0 
Route #36: 0 673 703 361 140 95 731 638 609 985 323 0 
Route #37: 0 702 628 107 210 120 225 781 400 980 0 
Route #38: 0 313 515 963 595 758 386 788 625 729 0 
Route #39: 0 667 155 410 402 786 364 534 552 999 701 30 393 2 0 
Route #40: 0 330 500 415 514 747 614 603 521 144 0 
Route #41: 0 890 857 636 591 529 665 356 938 385 895 383 865 214 0 
Route #42: 0 583 71 896 307 556 801 715 316 604 441 27 990 855 0 
Route #43: 0 617 246 158 387 942 200 338 398 147 472 993 632 0 
Route #44: 0 53 447 680 473 846 502 683 111 740 491 627 976 699 0 
Route #45: 0 388 488 134 791 813 275 31 503 39 252 354 0 
Route #46: 0 854 927 819 262 435 185 189 634 0 
Route #47: 0 403 930 507 279 577 483 815 366 137 81 643 0 
Route #48: 0 675 691 194 98 329 227 429 427 623 513 761 0 
Route #49: 0 599 443 798 240 795 162 1 674 780 456 0 
Route #50: 0 260 38 126 947 41 226 309 33 724 0 
Route #51: 0 165 396 303 784 245 295 968 580 465 889 0 
Route #52: 0 247 971 914 444 917 256 176 821 10 362 805 519 106 0 
Route #53: 0 110 645 458 646 318 277 101 845 0 
Route #54: 0 692 642 624 184 564 149 660 221 314 317 76 823 112 0 
Route #55: 0 201 960 876 686 464 344 864 90 61 0 
Route #56: 0 64 417 154 600 49 587 271 576 542 332 689 546 653 291 87 0 
Route #57: 0 339 273 368 482 962 785 965 572 13 0 
Route #58: 0 752 936 620 684 115 187 892 181 360 847 172 0 
Route #59: 0 931 292 793 193 37 778 766 668 952 55 311 709 270 0 
Route #60: 0 230 91 652 434 774 904 300 170 524 869 745 255 0 
Route #61: 0 706 477 558 984 508 891 921 267 0 
Route #62: 0 14 650 773 505 987 658 129 320 589 541 0 
Route #63: 0 486 973 351 241 978 359 975 561 83 288 0 
Route #64: 0 114 153 494 467 376 592 131 348 584 767 0 
Route #65: 0 988 575 605 720 232 36 378 414 20 809 989 601 0 
Route #66: 0 218 47 471 935 955 871 661 163 613 105 0 
Route #67: 0 46 818 953 268 326 974 598 17 535 868 839 286 0 
Route #68: 0 60 827 125 554 678 639 560 568 633 244 894 297 0 
Route #69: 0 94 756 100 109 397 399 67 676 56 0 
Route #70: 0 621 537 941 108 782 506 422 883 319 0 
Route #71: 0 372 406 711 735 562 648 8 168 195 602 357 0 
Route #72: 0 139 679 54 590 116 70 322 611 530 970 0 
Route #73: 0 924 454 169 797 538 922 734 512 4 887 301 570 794 0 
Route #74: 0 89 250 198 725 269 991 812 870 497 202 0 
Route #75: 0 487 695 787 916 0 
Route #76: 0 802 463 209 159 510 826 119 104 831 0 
Route #77: 0 74 712 407 743 559 0 
Route #78: 0 141 257 0 
Route #79: 0 872 536 732 764 736 438 906 219 954 509 810 0 
Route #80: 0 347 215 196 939 343 43 186 72 789 861 716 370 0 
Route #81: 0 21 555 152 910 304 188 714 741 93 283 0 
Route #82: 0 881 899 123 995 814 950 180 672 994 862 998 772 0 
Route #83: 0 986 967 849 622 540 713 635 694 278 0 
Route #84: 0 223 696 133 127 728 565 612 485 142 877 0 
Route #85: 0 656 132 852 5 44 355 833 771 996 310 828 0 
Route #86: 0 848 903 929 557 803 579 419 405 420 287 806 722 19 0 
Route #87: 0 276 511 229 294 550 25 130 342 531 874 65 0 
Route #88: 0 128 949 825 216 969 207 822 490 228 146 191 217 431 469 192 0 
Route #89: 0 911 928 204 957 649 594 6 266 233 421 730 0 
Route #90: 0 306 783 236 475 523 912 578 933 682 75 40 0 
Route #91: 0 943 11 907 913 951 174 480 750 118 0 
Route #92: 0 358 983 763 533 631 78 776 760 972 526 0 
Route #93: 0 835 879 920 727 334 280 124 749 34 705 437 381 0 
Route #94: 0 710 96 908 457 669 164 644 374 440 548 102 451 0 
Route #95: 0 811 522 12 261 466 346 272 450 445 0 
Route #96: 0 790 28 618 751 0 
Route #97: 0 799 389 615 85 175 7 391 662 237 626 0 
