filename: r2_10_7
Vehicles: 250, Capacity: 1000
Total customers : 1001
Cluster 0: 218 354 890 392 484 431 494 984 265 87 214 572 372 758 13 585 435 1 110 657 522 757 474 386 60 896 115 307 858 155 801 959 177 303 53 848 865 281 787 660 176 533 149 752 246 785 288 575 364 338 210 616 562 139 323 315 703 780 997 249 175 126 832 330 445 333 638 228 930 813 544 510 583 192 807 144 732 875 827 231 895 771 618 907 264 168 762 171 731 548 501 290 202 833 150 134 607 599 549 914 72 633 822 291 132 124 458 377 464 530 596 678 393 823 106 768 924 627 111 196 506 194 47 646 93 728 735 671 129 241 920 788 799 687 912 941 440 516 655 244 729 294 665 916 861 272 405 131 465 702 514 892 448 103 452 321 161 384 456 209 88 686 284 401 667 566 557 889 561 184 179 635 316 815 235 208 337 879 978 278 426 810 946 54 764 876 806 741 699 438 919 20 255 95 973 280 587 476 992 187 212 411 125 186 790 21 349 1000 327 649 933 736 705 625 996 698 417 811 39 395 887 593 563 610 979 130 482 7 855 397 910 36 329 469 312 492 495 689 387 835 662 71 56 983 57 343 556 292 980 626 317 629 318 160 931 399 49 740 602 867 668 869 257 37 471 89 108 802 748 498 76 804 866 588 345 654 266 277 174 293 398 547 421 302 279 709 640 778 754 304 43 955 222 232 59 466 767 120 816 991 142 406 368 674 734 283 140 953 62 463 611 44 306 385 30 42 647 721 859 12 938 394 966 362 433 911 581 225 857 375 239 963 536 899 360 8 915 490 414 107 118 697 143 182 765 845 77 782 932 545 407 666 644 934 818 558 180 814 795 696 236 51 418 240 994 45 826 22 133 527 579 204 48 775 909 147 295 868 16 553 944 400 737 995 710 883 52 711 595 10 628 925 774 238 841 842 967 918 84 951 613 891 485 350 906 706 939 789 460 986 80 634 381 524 336 796 777 17 970 275 461 504 169 591 117 656 663 305 981 851 535 743 104 570 505 415 437 158 41 943 805 947 601 781 784 480 960 499 173 326 258 497 237 470 901 756 518 473 267 309 138 701 114 824 922 606 617 166 672 70 746 507 526 609 273 325 521 541 670 339 905 366 648 113 243 328 331 786 376 971 383 146 300 137 141 193 525 619 446 503 608 565 962 190 831 712 888 253 860 985 165 763 310 455 477 491 723 987 
Cluster 1: 683 913 486 523 224 191 32 605 546 422 423 645 738 299 83 718 449 348 100 427 432 402 27 692 650 502 475 828 903 67 55 540 753 447 216 3 2 127 631 297 324 695 378 531 965 612 571 598 574 820 515 412 256 844 847 850 370 145 952 800 923 298 188 590 724 528 40 29 478 215 769 157 949 830 457 673 361 467 98 357 81 651 534 783 136 776 538 792 14 856 661 63 690 603 217 838 675 878 430 185 429 597 91 409 68 319 64 900 589 450 274 630 425 416 632 119 344 990 148 245 636 500 622 373 26 365 233 679 676 870 620 15 94 488 637 25 659 894 442 739 206 311 580 685 797 717 862 65 369 948 230 75 11 708 942 367 512 898 396 363 340 31 496 92 853 742 779 825 877 443 408 582 289 568 424 803 926 886 444 761 793 770 908 167 234 178 794 643 537 152 829 223 969 669 834 720 441 308 576 342 639 693 74 975 78 105 642 751 586 885 268 798 684 704 35 773 379 79 97 559 884 254 262 624 428 652 552 623 749 881 871 839 116 347 248 809 719 356 153 508 102 390 404 998 50 694 229 19 928 227 733 259 219 921 410 744 371 151 403 519 658 961 937 584 893 812 730 745 28 993 252 420 82 513 594 6 69 715 511 101 726 242 353 451 73 220 604 600 462 509 577 772 314 852 956 270 459 917 550 472 542 287 529 189 614 261 454 725 837 4 950 940 688 374 162 664 929 945 846 263 727 61 109 58 873 682 479 972 205 927 760 33 112 520 121 716 677 332 320 958 9 122 436 691 434 989 201 840 621 836 99 755 864 123 680 380 207 285 156 86 388 821 351 211 988 573 334 904 341 555 483 968 554 96 707 722 897 808 335 564 791 817 34 164 5 159 700 493 819 863 128 66 358 439 592 543 567 195 352 999 23 197 200 276 226 85 935 560 247 747 18 359 551 641 532 260 713 615 481 419 301 936 977 24 982 181 250 487 578 172 199 251 872 759 213 391 46 902 313 714 163 517 468 271 90 954 221 269 38 766 849 135 882 964 389 539 346 154 880 489 854 355 681 976 874 286 453 413 296 203 653 843 183 750 322 974 569 282 170 382 957 198 
Total Distance: 44379
TSP Approx Improvement: 633.132 to 632.422
TSP Approx Improvement: 579.466 to 579.08
TSP Approx Improvement: 765.204 to 760.013
TSP Approx Improvement: 384.728 to 370.266
TSP Approx Improvement: 370.266 to 370.03
TSP Approx Improvement: 545.208 to 544.789
TSP Approx Improvement: 848.011 to 829.911
TSP Approx Improvement: 842.23 to 841.117
TSP Approx Improvement: 841.117 to 817.624
TSP Approx Improvement: 695.805 to 678.881
TSP Approx Improvement: 822.87 to 821.349
TSP Approx Improvement: 821.349 to 820.722
TSP Approx Improvement: 1093.91 to 1062.66
TSP Approx Improvement: 1062.66 to 1005.12
TSP Approx Improvement: 618.831 to 610.69
TSP Approx Improvement: 610.69 to 608.423
TSP Approx Improvement: 1223.34 to 1221.94
TSP Approx Improvement: 1221.94 to 1204.99
TSP Approx Improvement: 1204.99 to 1193.91
TSP Approx Improvement: 1193.91 to 1190.48
TSP Approx Improvement: 725.375 to 724.475
TSP Approx Improvement: 524.422 to 467.899

Postprocess 1 route valid
2OPT Improvement: 632.422 to 627.312
2OPT Improvement: 627.312 to 620.019
2OPT Improvement: 823.618 to 821.095
2OPT Improvement: 760.013 to 759.8
2OPT Improvement: 587.342 to 586.495
2OPT Improvement: 671.593 to 667.07
2OPT Improvement: 759.8 to 759.414
2OPT Improvement: 759.414 to 756.838
2OPT Improvement: 285.146 to 284.407
2OPT Improvement: 1190.48 to 1190.45
2OPT Improvement: 662.288 to 654.311
2OPT Improvement: 678.881 to 676.861
2OPT Improvement: 680.258 to 678.829
2OPT Improvement: 724.475 to 724.248
2OPT Improvement: 724.248 to 720.409
2OPT Improvement: 785.741 to 785.424
2OPT Improvement: 467.899 to 467.762
2OPT Improvement: 763.154 to 761.606
2OPT Improvement: 584.162 to 575.57
2OPT Improvement: 575.57 to 574.115
2OPT Improvement: 570.839 to 567.863
2OPT Improvement: 893.015 to 890.896
2OPT Improvement: 1005.12 to 999.376
2OPT Improvement: 890.896 to 890.381
2OPT Improvement: 825.054 to 821.772
2OPT Improvement: 890.381 to 885.183
2OPT Improvement: 885.183 to 885.083
2OPT Improvement: 737.172 to 736.819
2OPT Improvement: 648.34 to 648.246
2OPT Improvement: 654.311 to 651.273
2OPT Improvement: 1190.45 to 1189.88
2OPT Improvement: 720.409 to 718.869
2OPT Improvement: 1189.88 to 1184.95
2OPT Improvement: 1184.95 to 1184.64
2OPT Improvement: 544.789 to 536.698
2OPT Improvement: 761.606 to 744.713
2OPT Improvement: 999.376 to 993.769
2OPT Improvement: 993.769 to 929.857
Postprocess 2 route valid
2OPT Improvement: 633.132 to 626.672
2OPT Improvement: 662.288 to 654.311
2OPT Improvement: 823.618 to 821.095
2OPT Improvement: 618.831 to 610.69
2OPT Improvement: 654.311 to 651.273
2OPT Improvement: 610.69 to 608.423
2OPT Improvement: 765.204 to 764.991
2OPT Improvement: 587.342 to 586.495
2OPT Improvement: 671.593 to 667.07
2OPT Improvement: 737.172 to 736.819
2OPT Improvement: 384.728 to 370.266
2OPT Improvement: 370.266 to 370.03
2OPT Improvement: 764.991 to 764.973
2OPT Improvement: 764.973 to 756.838
2OPT Improvement: 285.146 to 284.407
2OPT Improvement: 695.805 to 678.881
2OPT Improvement: 725.375 to 725.147
2OPT Improvement: 763.154 to 761.606
2OPT Improvement: 725.147 to 724.248
2OPT Improvement: 848.011 to 829.911
2OPT Improvement: 680.258 to 678.829
2OPT Improvement: 579.466 to 579.08
2OPT Improvement: 785.741 to 785.424
2OPT Improvement: 524.422 to 516.382
2OPT Improvement: 516.382 to 486.226
2OPT Improvement: 486.226 to 482.02
2OPT Improvement: 724.248 to 722.708
2OPT Improvement: 648.34 to 648.246
2OPT Improvement: 722.708 to 718.869
2OPT Improvement: 842.23 to 841.293
2OPT Improvement: 841.293 to 817.624
2OPT Improvement: 822.87 to 821.349
2OPT Improvement: 1093.91 to 1090.6
2OPT Improvement: 1090.6 to 1090.57
2OPT Improvement: 1090.57 to 1062.66
2OPT Improvement: 1062.66 to 1005.12
2OPT Improvement: 1005.12 to 999.509
2OPT Improvement: 545.208 to 540.327
2OPT Improvement: 1223.34 to 1223.3
2OPT Improvement: 893.015 to 890.896
2OPT Improvement: 890.896 to 890.381
2OPT Improvement: 825.054 to 821.772
2OPT Improvement: 890.381 to 885.183
2OPT Improvement: 761.606 to 744.713
2OPT Improvement: 570.839 to 567.863
2OPT Improvement: 821.349 to 820.722
2OPT Improvement: 999.509 to 935.597
2OPT Improvement: 678.881 to 676.861
2OPT Improvement: 885.183 to 885.083
2OPT Improvement: 584.162 to 575.57
2OPT Improvement: 1223.3 to 1221.9
2OPT Improvement: 935.597 to 929.857
2OPT Improvement: 1221.9 to 1204.45
2OPT Improvement: 482.02 to 467.762
2OPT Improvement: 575.57 to 574.115
2OPT Improvement: 1204.45 to 1189.88
2OPT Improvement: 1189.88 to 1184.95
2OPT Improvement: 1184.95 to 1184.64
Postprocess 3 route valid
Final Routes:
Route #1: 0 848 386 155 435 214 890 585 1 288 785 827 501 196 530 168 930 323 338 0 
Route #2: 0 203 653 286 346 489 976 453 681 181 9 520 852 772 242 725 287 917 542 0 
Route #3: 0 984 372 354 569 382 198 218 431 572 758 13 110 657 115 787 149 575 522 315 703 210 139 0 
Route #4: 0 307 303 896 0 
Route #5: 0 548 607 124 732 231 618 771 264 171 731 549 914 633 291 822 129 655 456 566 284 667 557 184 179 0 
Route #6: 0 946 806 741 337 255 889 209 561 587 876 88 699 212 790 125 21 563 7 910 130 593 887 0 
Route #7: 0 330 832 997 865 53 246 616 175 249 562 176 801 757 60 177 959 126 780 144 290 0 
Route #8: 0 89 257 108 318 629 49 292 387 343 931 602 748 866 345 174 277 232 955 304 966 118 697 915 963 857 911 581 0 
Route #9: 0 364 752 281 660 533 858 474 392 265 484 957 494 87 0 
Route #10: 0 39 649 705 736 933 327 1000 280 879 815 892 635 729 440 728 735 93 646 458 599 907 875 762 833 377 823 106 768 924 920 916 272 687 799 465 686 810 438 764 665 393 678 244 702 131 0 
Route #11: 0 385 306 295 133 147 595 851 591 663 981 169 305 104 505 601 901 701 470 497 326 960 480 258 518 617 166 672 670 273 0 
Route #12: 0 807 583 895 544 192 510 813 228 638 445 333 202 627 150 134 103 384 452 0 
Route #13: 0 72 132 867 556 417 689 835 57 56 312 482 625 411 95 0 
Route #14: 0 316 235 405 111 47 788 194 941 514 161 321 448 516 861 401 992 186 919 506 464 596 241 671 294 912 0 
Route #15: 0 349 187 471 37 317 160 399 0 
Route #16: 0 283 368 140 953 611 239 8 414 107 0 
Route #17: 0 662 983 740 668 293 588 498 869 120 44 721 375 360 143 463 734 767 778 43 0 
Route #18: 0 36 469 395 811 996 979 610 855 978 426 0 
Route #19: 0 805 781 41 138 309 473 756 267 922 237 784 173 70 786 300 971 383 565 962 860 683 605 738 191 0 
Route #20: 0 59 816 991 406 142 466 674 62 30 859 394 362 12 647 938 42 0 
Route #21: 0 547 421 279 709 222 754 640 398 302 804 654 266 76 802 0 
Route #22: 0 20 973 476 54 208 278 698 492 71 980 626 495 397 329 0 
Route #23: 0 490 899 536 225 433 182 45 579 909 48 240 696 407 545 418 666 814 180 826 22 400 553 0 
Route #24: 0 994 204 711 84 706 613 883 995 841 238 925 842 775 944 710 0 
Route #25: 0 818 934 644 845 765 236 558 932 51 16 737 868 527 52 967 918 485 891 774 10 628 939 789 524 275 336 381 0 
Route #26: 0 77 782 795 32 423 299 427 402 0 
Route #27: 0 987 523 546 477 723 224 913 165 888 0 
Route #28: 0 712 446 455 491 310 985 253 831 619 146 331 328 507 746 905 366 243 648 376 137 0 
Route #29: 0 350 951 986 80 656 970 777 796 634 460 906 17 504 461 117 570 158 437 743 535 0 
Route #30: 0 606 526 521 325 541 609 824 114 499 947 943 415 0 
Route #31: 0 113 193 141 339 525 608 190 503 0 
Route #32: 0 100 348 692 718 83 432 449 502 903 763 486 422 753 631 540 447 650 645 55 324 695 216 27 0 
Route #33: 0 576 167 152 761 408 363 311 94 31 942 926 0 
Route #34: 0 803 289 793 512 825 11 886 908 424 877 443 742 496 853 75 396 92 178 74 35 97 884 623 50 390 0 
Route #35: 0 136 233 589 679 0 
Route #36: 0 898 739 442 685 367 369 528 64 91 14 574 612 256 590 40 952 792 990 68 690 632 597 870 0 
Route #37: 0 29 828 475 67 2 297 378 531 571 412 820 298 81 98 63 651 838 430 878 675 603 0 
Route #38: 0 467 361 534 673 847 800 188 923 724 215 478 844 515 965 127 3 0 
Route #39: 0 850 145 598 370 769 457 856 217 661 357 783 538 776 274 636 676 659 620 500 26 245 25 340 206 862 797 230 580 0 
Route #40: 0 365 622 119 450 416 319 344 65 948 717 708 488 148 630 425 15 894 637 373 900 409 429 185 949 157 830 0 
Route #41: 0 704 254 798 268 773 643 308 720 834 223 234 441 537 568 779 582 0 
Route #42: 0 58 846 760 33 61 263 940 688 972 121 958 122 904 483 380 873 927 205 479 320 716 0 
Route #43: 0 707 968 863 543 334 341 554 722 817 128 819 439 85 935 18 359 551 641 747 0 
Route #44: 0 921 19 508 404 379 642 669 559 552 751 105 693 586 684 694 937 658 0 
Route #45: 0 624 809 871 347 794 829 770 444 969 639 839 116 0 
Route #46: 0 6 993 594 730 749 262 885 975 342 78 79 428 719 153 102 151 82 353 956 837 162 945 109 614 577 270 682 472 604 252 519 371 0 
Route #47: 0 351 988 840 99 836 864 680 621 156 388 700 358 352 200 713 247 23 677 332 436 207 0 
Route #48: 0 220 73 462 261 189 374 529 727 0 
Route #49: 0 950 454 4 929 664 112 201 989 34 335 5 260 487 0 
Route #50: 0 977 481 301 532 936 163 38 135 882 974 282 322 843 296 874 854 355 413 183 750 170 0 
Route #51: 0 313 251 250 872 199 578 172 982 24 419 615 560 999 66 0 
Route #52: 0 493 567 197 276 226 195 592 164 159 791 96 555 285 573 211 821 755 691 123 434 86 897 808 564 0 
Route #53: 0 539 269 221 90 517 468 271 391 213 759 902 46 714 954 766 964 389 849 154 880 0 
Route #54: 0 550 420 513 451 459 314 509 600 28 893 584 715 511 101 726 69 248 998 961 812 745 403 928 259 356 733 219 410 744 227 229 881 652 0 
