filename: rc2_10_1
Vehicles: 250, Capacity: 1000
Total customers : 1001
Cluster 0: 754 388 506 759 714 394 174 808 294 961 898 500 346 959 92 423 632 151 947 314 158 270 885 124 44 733 411 555 653 530 479 153 827 109 31 743 864 563 916 457 166 206 125 621 415 212 310 373 34 293 333 706 700 248 187 760 543 607 501 450 663 605 730 660 272 5 386 190 859 763 695 53 344 723 453 261 994 686 413 940 317 578 715 929 633 186 385 54 750 836 652 441 259 540 435 209 565 852 118 810 699 981 528 169 849 797 558 391 568 94 796 564 406 115 654 765 429 667 42 720 326 870 371 533 325 636 762 884 129 557 
Cluster 1: 21 646 982 403 48 676 941 732 175 474 751 1000 470 612 490 142 22 553 721 767 287 51 709 781 819 908 570 933 643 866 264 997 952 846 235 172 57 198 990 787 282 223 452 274 322 377 364 232 844 236 96 769 901 502 69 380 726 809 400 856 682 165 336 278 616 620 41 729 546 196 926 580 829 167 701 456 242 231 873 337 183 445 674 814 103 638 23 131 454 171 455 239 112 861 110 673 20 321 195 661 903 180 267 670 736 205 504 969 365 523 579 521 824 998 288 841 708 263 121 108 804 16 122 965 33 291 953 531 132 320 978 529 757 927 85 571 820 938 159 790 273 594 446 117 951 405 552 576 316 477 813 412 896 749 517 675 780 350 561 35 588 514 399 74 426 883 595 778 665 219 985 331 519 776 637 963 345 669 361 950 150 716 478 977 727 192 379 285 249 784 135 162 360 52 143 865 611 191 602 444 806 954 877 247 68 390 604 672 527 599 38 756 351 493 245 170 888 890 648 875 591 226 91 956 275 300 592 768 233 725 629 522 298 731 874 891 958 447 323 471 214 89 889 363 
Cluster 2: 207 486 711 299 677 215 401 384 692 260 303 515 123 678 541 690 560 573 683 428 269 971 713 854 650 136 801 114 600 764 375 775 26 155 548 188 777 707 222 918 516 492 483 693 928 567 495 329 81 301 691 603 644 341 718 36 216 544 352 794 66 181 520 227 989 843 210 738 472 416 494 481 491 556 755 909 184 960 894 532 912 133 542 284 338 792 771 934 983 430 992 795 649 393 482 631 537 11 87 597 655 931 577 201 722 973 402 178 105 146 389 315 63 250 863 545 598 685 518 24 296 432 67 826 224 840 758 95 194 98 332 651 70 29 662 831 58 83 724 948 897 468 802 798 179 702 1 774 892 55 392 398 499 512 200 848 939 828 213 999 821 473 949 3 962 773 431 443 211 498 910 202 658 459 936 290 56 582 104 15 71 253 671 630 237 460 262 986 524 
Cluster 3: 72 297 39 265 712 807 480 84 88 277 680 49 164 404 289 719 681 915 639 834 271 409 93 741 353 4 439 256 8 968 893 617 850 378 463 485 141 217 82 710 475 932 436 354 974 218 324 878 37 148 534 362 370 330 957 208 656 906 442 327 886 107 240 761 225 549 78 13 853 862 487 154 368 106 149 10 257 581 440 590 622 458 448 281 2 876 113 238 855 90 657 311 182 679 860 734 17 76 503 228 745 347 138 507 697 280 168 920 
Cluster 4: 434 913 825 815 419 996 839 220 357 451 466 867 539 837 628 666 25 847 917 785 465 740 61 585 746 328 752 197 229 984 128 276 437 246 608 668 308 292 59 833 140 946 626 383 812 835 144 9 987 417 609 739 703 689 309 157 925 255 12 747 704 397 606 62 147 366 782 489 624 318 593 283 279 705 387 905 619 268 102 664 972 586 185 335 980 348 119 744 32 358 899 46 550 258 783 924 858 461 554 589 376 551 625 642 966 467 975 770 427 340 359 111 583 659 911 922 634 791 880 509 547 120 641 698 176 251 587 173 601 822 869 60 381 830 130 735 766 334 295 484 838 126 152 976 349 139 967 464 647 569 101 374 30 513 845 496 868 696 615 161 369 307 937 610 367 86 469 160 618 163 75 40 645 449 805 45 65 803 414 923 535 19 302 793 818 97 382 728 100 623 505 737 811 575 421 243 993 221 902 613 511 635 77 433 823 842 134 424 930 304 203 907 14 882 562 
Cluster 5: 64 857 319 230 871 817 979 538 988 244 47 945 286 742 116 395 193 408 355 18 995 684 900 887 627 497 407 6 970 955 919 786 991 177 879 127 252 779 50 508 694 688 189 80 772 7 199 614 43 832 313 510 536 566 425 305 462 799 438 748 476 254 640 851 881 943 28 559 204 572 418 422 914 717 488 343 73 816 266 396 904 145 584 921 27 872 420 306 788 525 687 312 800 342 156 241 596 137 789 574 339 895 410 99 356 234 372 79 942 944 935 526 964 753 
Total Distance: 53419.1
TSP Approx Improvement: 629.91 to 629.258
TSP Approx Improvement: 629.258 to 626.288
TSP Approx Improvement: 561.338 to 561.119
TSP Approx Improvement: 544.643 to 543.666
TSP Approx Improvement: 608.791 to 607.908
TSP Approx Improvement: 524.427 to 523.74
TSP Approx Improvement: 787.705 to 786.623
TSP Approx Improvement: 786.623 to 784.464
TSP Approx Improvement: 669.702 to 666.309
TSP Approx Improvement: 678.789 to 677.583
TSP Approx Improvement: 585.688 to 580.602
TSP Approx Improvement: 428.734 to 423.637
TSP Approx Improvement: 423.637 to 422.29
TSP Approx Improvement: 609.703 to 598.027

Postprocess 1 route valid
2OPT Improvement: 400.036 to 399.986
2OPT Improvement: 489.538 to 487.897
2OPT Improvement: 449.698 to 449.549
2OPT Improvement: 523.74 to 522.446
2OPT Improvement: 522.446 to 520.575
2OPT Improvement: 520.575 to 519.99
2OPT Improvement: 474.432 to 474.358
2OPT Improvement: 585.102 to 584.09
2OPT Improvement: 726.627 to 723.798
2OPT Improvement: 612.952 to 612.682
2OPT Improvement: 784.464 to 782.366
2OPT Improvement: 626.954 to 625.936
2OPT Improvement: 605.237 to 603.745
2OPT Improvement: 600.234 to 592.809
2OPT Improvement: 515.508 to 514.006
2OPT Improvement: 584.09 to 584.059
2OPT Improvement: 474.358 to 473.099
2OPT Improvement: 487.897 to 487.801
2OPT Improvement: 473.099 to 472.859
2OPT Improvement: 432.063 to 431.229
2OPT Improvement: 472.859 to 472.273
2OPT Improvement: 666.309 to 665.391
2OPT Improvement: 578.108 to 578.014
2OPT Improvement: 719.823 to 719.24
2OPT Improvement: 529.1 to 524.377
2OPT Improvement: 249.744 to 247.796
2OPT Improvement: 472.273 to 471.289
2OPT Improvement: 677.583 to 677.032
2OPT Improvement: 677.032 to 675.175
2OPT Improvement: 350.759 to 348.679
Postprocess 2 route valid
2OPT Improvement: 400.036 to 399.986
2OPT Improvement: 489.538 to 487.897
2OPT Improvement: 612.952 to 612.682
2OPT Improvement: 544.643 to 543.666
2OPT Improvement: 449.698 to 449.549
2OPT Improvement: 350.759 to 348.679
2OPT Improvement: 474.432 to 474.358
2OPT Improvement: 428.734 to 426.729
2OPT Improvement: 474.358 to 473.099
2OPT Improvement: 426.729 to 425.144
2OPT Improvement: 609.703 to 598.027
2OPT Improvement: 585.688 to 580.602
2OPT Improvement: 473.099 to 472.859
2OPT Improvement: 726.627 to 723.798
2OPT Improvement: 249.744 to 247.796
2OPT Improvement: 529.1 to 524.377
2OPT Improvement: 626.954 to 625.936
2OPT Improvement: 605.237 to 603.745
2OPT Improvement: 432.063 to 431.229
2OPT Improvement: 600.234 to 592.809
2OPT Improvement: 585.102 to 584.09
2OPT Improvement: 787.705 to 785.536
2OPT Improvement: 524.427 to 523.74
2OPT Improvement: 523.74 to 522.446
2OPT Improvement: 515.508 to 514.006
2OPT Improvement: 561.338 to 561.119
2OPT Improvement: 487.897 to 487.801
2OPT Improvement: 669.702 to 666.309
2OPT Improvement: 678.789 to 677.583
2OPT Improvement: 677.583 to 677.032
2OPT Improvement: 666.309 to 665.391
2OPT Improvement: 578.108 to 578.014
2OPT Improvement: 472.859 to 472.273
2OPT Improvement: 608.791 to 607.908
2OPT Improvement: 719.823 to 719.24
2OPT Improvement: 629.91 to 629.258
2OPT Improvement: 522.446 to 520.575
2OPT Improvement: 677.032 to 675.175
2OPT Improvement: 520.575 to 519.99
2OPT Improvement: 584.09 to 584.059
2OPT Improvement: 472.273 to 471.289
2OPT Improvement: 629.258 to 626.288
2OPT Improvement: 785.536 to 784.524
2OPT Improvement: 784.524 to 782.366
Postprocess 3 route valid
Final Routes:
Route #1: 0 961 808 947 898 827 530 743 916 563 457 174 942 506 394 92 151 555 109 153 0 
Route #2: 0 206 864 124 314 346 733 885 44 653 479 31 125 632 411 294 895 423 158 0 
Route #3: 0 660 605 293 706 248 501 373 310 621 212 415 333 187 413 186 385 836 994 53 0 
Route #4: 0 272 386 5 190 543 700 723 940 54 0 
Route #5: 0 695 763 578 715 750 209 558 371 557 0 
Route #6: 0 859 344 607 760 959 500 166 663 450 730 34 0 
Route #7: 0 453 261 441 852 810 699 981 118 435 94 406 115 0 
Route #8: 0 533 636 884 676 732 175 941 908 952 172 232 643 322 0 
Route #9: 0 929 686 528 568 169 797 849 564 429 42 652 259 0 
Route #10: 0 326 870 325 720 129 470 781 570 997 0 
Route #11: 0 796 391 540 565 633 317 0 
Route #12: 0 21 762 667 654 765 0 
Route #13: 0 612 474 1000 751 553 22 646 982 403 48 0 
Route #14: 0 933 767 490 769 502 69 0 
Route #15: 0 709 51 819 287 142 721 236 620 205 33 291 0 
Route #16: 0 866 264 844 364 377 452 990 57 846 198 282 223 274 112 673 103 926 580 0 
Route #17: 0 787 235 96 901 41 616 278 729 196 726 0 
Route #18: 0 841 267 321 455 23 131 249 191 669 0 
Route #19: 0 856 809 165 682 336 380 546 121 661 0 
Route #20: 0 927 85 757 0 
Route #21: 0 954 68 150 716 950 361 331 977 611 192 0 
Route #22: 0 180 903 670 521 736 239 674 400 0 
Route #23: 0 579 523 824 20 861 16 365 998 504 195 110 454 969 708 122 965 108 263 288 953 132 531 0 
Route #24: 0 883 514 74 588 117 446 552 813 576 780 529 0 
Route #25: 0 273 405 594 896 675 985 399 561 749 820 595 0 
Route #26: 0 477 316 350 517 426 778 776 963 637 345 219 665 35 493 890 390 247 604 527 0 
Route #27: 0 814 171 445 638 231 456 242 167 829 701 183 337 873 320 571 938 978 804 0 
Route #28: 0 363 471 958 874 351 599 226 447 384 0 
Route #29: 0 727 285 602 806 379 478 0 
Route #30: 0 143 162 135 52 360 519 951 412 159 790 0 
Route #31: 0 38 672 784 865 444 877 0 
Route #32: 0 275 300 725 768 233 522 875 888 591 245 756 170 648 0 
Route #33: 0 629 298 731 891 323 89 889 678 854 677 711 269 0 
Route #34: 0 215 401 692 486 299 207 541 0 
Route #35: 0 515 428 713 971 560 573 690 303 123 683 260 592 91 956 214 0 
Route #36: 0 114 375 155 26 764 928 918 600 775 136 650 801 0 
Route #37: 0 542 556 481 909 894 532 960 755 133 598 577 482 649 184 912 338 795 0 
Route #38: 0 66 352 216 544 341 301 227 491 520 843 718 36 222 0 
Route #39: 0 983 771 792 992 494 738 0 
Route #40: 0 644 567 81 329 707 516 483 492 693 188 548 777 495 181 0 
Route #41: 0 11 655 347 458 590 0 
Route #42: 0 87 393 931 537 201 973 98 29 70 332 662 0 
Route #43: 0 71 630 253 15 671 582 56 104 443 773 3 949 213 499 200 848 939 290 658 392 83 0 
Route #44: 0 989 210 416 472 603 691 794 934 631 722 224 67 296 0 
Route #45: 0 389 826 24 863 597 430 284 0 
Route #46: 0 189 7 199 789 759 714 0 
Route #47: 0 821 431 211 473 512 55 897 95 194 58 936 910 1 802 831 0 
Route #48: 0 402 63 518 685 545 315 105 146 724 179 798 702 892 828 774 962 999 948 468 651 840 432 250 178 0 
Route #49: 0 297 986 262 712 524 72 460 0 
Route #50: 0 886 862 217 265 237 202 834 0 
Route #51: 0 370 148 617 8 968 0 
Route #52: 0 354 974 878 362 534 37 475 324 442 78 368 0 
Route #53: 0 93 271 88 49 353 4 893 141 0 
Route #54: 0 932 436 82 710 256 439 409 378 463 485 218 0 
Route #55: 0 240 327 107 906 330 656 761 208 106 13 957 0 
Route #56: 0 225 549 10 860 622 182 113 0 
Route #57: 0 850 741 915 639 719 681 289 404 164 84 480 680 277 807 39 498 459 758 398 0 
Route #58: 0 149 853 487 154 90 0 
Route #59: 0 581 2 238 281 876 448 440 507 503 734 745 0 
Route #60: 0 311 855 679 657 920 825 815 280 913 357 434 697 168 0 
Route #61: 0 228 17 220 996 419 839 466 328 585 752 229 197 76 138 257 0 
Route #62: 0 451 837 867 539 628 25 847 740 917 465 61 128 608 246 0 
Route #63: 0 437 984 746 666 255 292 785 0 
Route #64: 0 308 102 586 335 980 119 348 46 744 0 
Route #65: 0 659 144 925 157 12 782 366 619 283 387 0 
Route #66: 0 668 276 833 946 417 140 0 
Route #67: 0 610 65 737 803 45 805 696 511 882 0 
Route #68: 0 59 383 835 987 609 689 309 703 739 812 397 279 9 704 747 185 972 0 
Route #69: 0 922 547 147 705 664 268 593 905 318 489 606 62 624 32 358 550 783 924 461 359 340 770 551 583 509 427 0 
Route #70: 0 176 838 126 484 698 251 258 626 467 173 0 
Route #71: 0 349 976 967 791 642 975 966 625 376 554 589 858 899 111 130 163 86 0 
Route #72: 0 464 647 845 30 505 562 979 641 911 0 
Route #73: 0 101 374 334 60 869 587 830 822 601 381 152 139 634 880 120 295 766 735 0 
Route #74: 0 868 161 367 449 40 618 469 937 307 75 645 902 857 907 433 0 
Route #75: 0 14 304 77 613 635 134 930 203 424 823 414 160 569 513 369 623 302 0 
Route #76: 0 793 818 923 615 496 811 421 993 575 243 728 100 97 382 19 535 842 221 0 
Route #77: 0 230 871 244 538 817 945 286 319 64 497 193 0 
Route #78: 0 395 116 742 408 18 919 879 688 43 0 
Route #79: 0 407 355 900 627 887 684 47 988 995 177 127 970 0 
Route #80: 0 779 252 508 50 772 425 799 396 0 
Route #81: 0 991 6 955 786 694 80 510 614 832 566 536 0 
Route #82: 0 476 305 462 748 640 851 881 943 204 422 717 687 99 410 73 921 0 
Route #83: 0 234 944 137 596 372 526 241 574 935 339 79 964 270 0 
Route #84: 0 754 753 388 356 254 28 145 156 872 420 0 
Route #85: 0 584 904 27 342 312 800 525 306 788 266 816 343 572 914 418 488 559 438 313 0 
